{"/home/travis/build/npmtest/node-npmtest-rule-reactor/test.js":{"path":"/home/travis/build/npmtest/node-npmtest-rule-reactor/test.js","s":{"1":2,"2":2,"3":2,"4":2,"5":2,"6":2,"7":2,"8":1,"9":2,"10":2,"11":1,"12":1,"13":1,"14":1,"15":2,"16":2,"17":2,"18":2,"19":1,"20":1,"21":2,"22":2,"23":2,"24":1,"25":1,"26":1,"27":1,"28":1,"29":1,"30":1,"31":1,"32":1,"33":1,"34":1,"35":1,"36":1,"37":1,"38":1,"39":2,"40":2,"41":1,"42":2,"43":2,"44":1,"45":2,"46":2,"47":1,"48":2,"49":2,"50":1,"51":1,"52":1,"53":1,"54":1},"b":{"1":[2,1,1,1],"2":[1,1,1,1],"3":[1,1],"4":[1,1],"5":[1,1],"6":[1,1],"7":[1,1],"8":[1,1],"9":[1,1],"10":[1,1,1],"11":[1,1],"12":[1,1],"13":[1,1],"14":[1,1],"15":[1,1],"16":[1,1],"17":[1,1]},"f":{"1":2,"2":2,"3":2,"4":2,"5":2,"6":1,"7":1,"8":1,"9":2,"10":2,"11":2,"12":2,"13":1},"fnMap":{"1":{"name":"(anonymous_1)","line":12,"loc":{"start":{"line":12,"column":1},"end":{"line":12,"column":13}}},"2":{"name":"(anonymous_2)","line":19,"loc":{"start":{"line":19,"column":5},"end":{"line":19,"column":17}}},"3":{"name":"(anonymous_3)","line":23,"loc":{"start":{"line":23,"column":24},"end":{"line":23,"column":36}}},"4":{"name":"(anonymous_4)","line":61,"loc":{"start":{"line":61,"column":5},"end":{"line":61,"column":17}}},"5":{"name":"(anonymous_5)","line":82,"loc":{"start":{"line":82,"column":5},"end":{"line":82,"column":17}}},"6":{"name":"(anonymous_6)","line":91,"loc":{"start":{"line":91,"column":77},"end":{"line":94,"column":10}}},"7":{"name":"(anonymous_7)","line":112,"loc":{"start":{"line":112,"column":83},"end":{"line":115,"column":10}},"skip":true},"8":{"name":"(anonymous_8)","line":123,"loc":{"start":{"line":123,"column":77},"end":{"line":126,"column":10}},"skip":true},"9":{"name":"(anonymous_9)","line":139,"loc":{"start":{"line":139,"column":12},"end":{"line":139,"column":40}},"skip":true},"10":{"name":"(anonymous_10)","line":147,"loc":{"start":{"line":147,"column":77},"end":{"line":150,"column":10}},"skip":true},"11":{"name":"(anonymous_11)","line":158,"loc":{"start":{"line":158,"column":83},"end":{"line":161,"column":10}},"skip":true},"12":{"name":"(anonymous_12)","line":169,"loc":{"start":{"line":169,"column":79},"end":{"line":172,"column":10}},"skip":true},"13":{"name":"(anonymous_13)","line":180,"loc":{"start":{"line":180,"column":75},"end":{"line":183,"column":10}},"skip":true}},"statementMap":{"1":{"start":{"line":12,"column":0},"end":{"line":195,"column":5}},"2":{"start":{"line":14,"column":4},"end":{"line":14,"column":14}},"3":{"start":{"line":19,"column":4},"end":{"line":56,"column":9}},"4":{"start":{"line":21,"column":8},"end":{"line":21,"column":19}},"5":{"start":{"line":23,"column":8},"end":{"line":35,"column":13}},"6":{"start":{"line":24,"column":12},"end":{"line":34,"column":13}},"7":{"start":{"line":25,"column":16},"end":{"line":28,"column":30}},"8":{"start":{"line":30,"column":16},"end":{"line":33,"column":27}},"9":{"start":{"line":37,"column":8},"end":{"line":39,"column":21}},"10":{"start":{"line":40,"column":8},"end":{"line":53,"column":9}},"11":{"start":{"line":43,"column":12},"end":{"line":46,"column":14}},"12":{"start":{"line":47,"column":12},"end":{"line":47,"column":18}},"13":{"start":{"line":50,"column":12},"end":{"line":51,"column":33}},"14":{"start":{"line":52,"column":12},"end":{"line":52,"column":18}},"15":{"start":{"line":55,"column":8},"end":{"line":55,"column":35}},"16":{"start":{"line":61,"column":4},"end":{"line":63,"column":9}},"17":{"start":{"line":62,"column":8},"end":{"line":62,"column":15}},"18":{"start":{"line":64,"column":4},"end":{"line":77,"column":5}},"19":{"start":{"line":70,"column":8},"end":{"line":70,"column":14}},"20":{"start":{"line":76,"column":8},"end":{"line":76,"column":14}},"21":{"start":{"line":82,"column":4},"end":{"line":84,"column":9}},"22":{"start":{"line":83,"column":8},"end":{"line":83,"column":15}},"23":{"start":{"line":85,"column":4},"end":{"line":194,"column":5}},"24":{"start":{"line":91,"column":8},"end":{"line":99,"column":10}},"25":{"start":{"line":98,"column":12},"end":{"line":98,"column":35}},"26":{"start":{"line":102,"column":8},"end":{"line":104,"column":63}},"27":{"start":{"line":105,"column":8},"end":{"line":105,"column":14}},"28":{"start":{"line":112,"column":8},"end":{"line":121,"column":10},"skip":true},"29":{"start":{"line":119,"column":12},"end":{"line":119,"column":55},"skip":true},"30":{"start":{"line":120,"column":12},"end":{"line":120,"column":48},"skip":true},"31":{"start":{"line":123,"column":8},"end":{"line":136,"column":10},"skip":true},"32":{"start":{"line":130,"column":12},"end":{"line":130,"column":76},"skip":true},"33":{"start":{"line":131,"column":12},"end":{"line":131,"column":73},"skip":true},"34":{"start":{"line":132,"column":12},"end":{"line":132,"column":74},"skip":true},"35":{"start":{"line":133,"column":12},"end":{"line":133,"column":79},"skip":true},"36":{"start":{"line":134,"column":12},"end":{"line":134,"column":25},"skip":true},"37":{"start":{"line":135,"column":12},"end":{"line":135,"column":45},"skip":true},"38":{"start":{"line":138,"column":8},"end":{"line":145,"column":14},"skip":true},"39":{"start":{"line":143,"column":16},"end":{"line":143,"column":29},"skip":true},"40":{"start":{"line":144,"column":16},"end":{"line":144,"column":55},"skip":true},"41":{"start":{"line":147,"column":8},"end":{"line":156,"column":10},"skip":true},"42":{"start":{"line":154,"column":12},"end":{"line":154,"column":25},"skip":true},"43":{"start":{"line":155,"column":12},"end":{"line":155,"column":45},"skip":true},"44":{"start":{"line":158,"column":8},"end":{"line":167,"column":10},"skip":true},"45":{"start":{"line":165,"column":12},"end":{"line":165,"column":25},"skip":true},"46":{"start":{"line":166,"column":12},"end":{"line":166,"column":48},"skip":true},"47":{"start":{"line":169,"column":8},"end":{"line":178,"column":10},"skip":true},"48":{"start":{"line":176,"column":12},"end":{"line":176,"column":25},"skip":true},"49":{"start":{"line":177,"column":12},"end":{"line":177,"column":46},"skip":true},"50":{"start":{"line":180,"column":8},"end":{"line":189,"column":10},"skip":true},"51":{"start":{"line":187,"column":12},"end":{"line":187,"column":94},"skip":true},"52":{"start":{"line":188,"column":12},"end":{"line":188,"column":48},"skip":true},"53":{"start":{"line":192,"column":8},"end":{"line":192,"column":35},"skip":true},"54":{"start":{"line":193,"column":8},"end":{"line":193,"column":14},"skip":true}},"branchMap":{"1":{"line":25,"type":"binary-expr","locations":[{"start":{"line":25,"column":23},"end":{"line":25,"column":62}},{"start":{"line":26,"column":20},"end":{"line":26,"column":70}},{"start":{"line":27,"column":20},"end":{"line":27,"column":71}},{"start":{"line":28,"column":20},"end":{"line":28,"column":29}}]},"2":{"line":30,"type":"binary-expr","locations":[{"start":{"line":30,"column":23},"end":{"line":30,"column":37}},{"start":{"line":31,"column":20},"end":{"line":31,"column":61}},{"start":{"line":32,"column":20},"end":{"line":32,"column":70}},{"start":{"line":33,"column":20},"end":{"line":33,"column":26}}]},"3":{"line":37,"type":"cond-expr","locations":[{"start":{"line":38,"column":14},"end":{"line":38,"column":20}},{"start":{"line":39,"column":14},"end":{"line":39,"column":20}}]},"4":{"line":40,"type":"switch","locations":[{"start":{"line":42,"column":8},"end":{"line":47,"column":18}},{"start":{"line":49,"column":8},"end":{"line":52,"column":18}}]},"5":{"line":44,"type":"binary-expr","locations":[{"start":{"line":44,"column":16},"end":{"line":44,"column":44}},{"start":{"line":44,"column":48},"end":{"line":44,"column":66}}]},"6":{"line":50,"type":"binary-expr","locations":[{"start":{"line":50,"column":21},"end":{"line":50,"column":49}},{"start":{"line":50,"column":53},"end":{"line":50,"column":72}}]},"7":{"line":64,"type":"switch","locations":[{"start":{"line":69,"column":4},"end":{"line":70,"column":14}},{"start":{"line":75,"column":4},"end":{"line":76,"column":14}}]},"8":{"line":85,"type":"switch","locations":[{"start":{"line":90,"column":4},"end":{"line":105,"column":14}},{"start":{"line":111,"column":4},"end":{"line":193,"column":14},"skip":true}]},"9":{"line":91,"type":"binary-expr","locations":[{"start":{"line":91,"column":42},"end":{"line":91,"column":73}},{"start":{"line":91,"column":77},"end":{"line":99,"column":9}}]},"10":{"line":102,"type":"binary-expr","locations":[{"start":{"line":102,"column":18},"end":{"line":102,"column":32}},{"start":{"line":103,"column":12},"end":{"line":103,"column":53}},{"start":{"line":104,"column":12},"end":{"line":104,"column":61}}]},"11":{"line":112,"type":"binary-expr","locations":[{"start":{"line":112,"column":45},"end":{"line":112,"column":79},"skip":true},{"start":{"line":112,"column":83},"end":{"line":121,"column":9},"skip":true}]},"12":{"line":123,"type":"binary-expr","locations":[{"start":{"line":123,"column":42},"end":{"line":123,"column":73},"skip":true},{"start":{"line":123,"column":77},"end":{"line":136,"column":9},"skip":true}]},"13":{"line":138,"type":"binary-expr","locations":[{"start":{"line":138,"column":48},"end":{"line":138,"column":85},"skip":true},{"start":{"line":139,"column":12},"end":{"line":145,"column":13},"skip":true}]},"14":{"line":147,"type":"binary-expr","locations":[{"start":{"line":147,"column":42},"end":{"line":147,"column":73},"skip":true},{"start":{"line":147,"column":77},"end":{"line":156,"column":9},"skip":true}]},"15":{"line":158,"type":"binary-expr","locations":[{"start":{"line":158,"column":45},"end":{"line":158,"column":79},"skip":true},{"start":{"line":158,"column":83},"end":{"line":167,"column":9},"skip":true}]},"16":{"line":169,"type":"binary-expr","locations":[{"start":{"line":169,"column":43},"end":{"line":169,"column":75},"skip":true},{"start":{"line":169,"column":79},"end":{"line":178,"column":9},"skip":true}]},"17":{"line":180,"type":"binary-expr","locations":[{"start":{"line":180,"column":41},"end":{"line":180,"column":71},"skip":true},{"start":{"line":180,"column":75},"end":{"line":189,"column":9},"skip":true}]}},"code":["/* istanbul instrument in package npmtest_rule_reactor */","/*jslint","    bitwise: true,","    browser: true,","    maxerr: 8,","    maxlen: 96,","    node: true,","    nomen: true,","    regexp: true,","    stupid: true","*/","(function () {","    'use strict';","    var local;","","","","    // run shared js-env code - init-before","    (function () {","        // init local","        local = {};","        // init modeJs","        local.modeJs = (function () {","            try {","                return typeof navigator.userAgent === 'string' &&","                    typeof document.querySelector('body') === 'object' &&","                    typeof XMLHttpRequest.prototype.open === 'function' &&","                    'browser';","            } catch (errorCaughtBrowser) {","                return module.exports &&","                    typeof process.versions.node === 'string' &&","                    typeof require('http').createServer === 'function' &&","                    'node';","            }","        }());","        // init global","        local.global = local.modeJs === 'browser'","            ? window","            : global;","        switch (local.modeJs) {","        // re-init local from window.local","        case 'browser':","            local = local.global.utility2.objectSetDefault(","                local.global.utility2_rollup || local.global.local,","                local.global.utility2","            );","            break;","        // re-init local from example.js","        case 'node':","            local = (local.global.utility2_rollup || require('utility2'))","                .requireReadme();","            break;","        }","        // export local","        local.global.local = local;","    }());","","","","    // run shared js-env code - function","    (function () {","        return;","    }());","    switch (local.modeJs) {","","","","    // run browser js-env code - function","    case 'browser':","        break;","","","","    // run node js-env code - function","    case 'node':","        break;","    }","","","","    // run shared js-env code - init-after","    (function () {","        return;","    }());","    switch (local.modeJs) {","","","","    // run browser js-env code - init-after","    case 'browser':","        local.testCase_browser_nullCase = local.testCase_browser_nullCase || function (","            options,","            onError","        ) {","        /*","         * this function will test browsers's null-case handling-behavior-behavior","         */","            onError(null, options);","        };","","        // run tests","        local.nop(local.modeTest &&","            document.querySelector('#testRunButton1') &&","            document.querySelector('#testRunButton1').click());","        break;","","","","    // run node js-env code - init-after","    /* istanbul ignore next */","    case 'node':","        local.testCase_buildApidoc_default = local.testCase_buildApidoc_default || function (","            options,","            onError","        ) {","        /*","         * this function will test buildApidoc's default handling-behavior-behavior","         */","            options = { modulePathList: module.paths };","            local.buildApidoc(options, onError);","        };","","        local.testCase_buildApp_default = local.testCase_buildApp_default || function (","            options,","            onError","        ) {","        /*","         * this function will test buildApp's default handling-behavior-behavior","         */","            local.testCase_buildReadme_default(options, local.onErrorThrow);","            local.testCase_buildLib_default(options, local.onErrorThrow);","            local.testCase_buildTest_default(options, local.onErrorThrow);","            local.testCase_buildCustomOrg_default(options, local.onErrorThrow);","            options = [];","            local.buildApp(options, onError);","        };","","        local.testCase_buildCustomOrg_default = local.testCase_buildCustomOrg_default ||","            function (options, onError) {","            /*","             * this function will test buildCustomOrg's default handling-behavior","             */","                options = {};","                local.buildCustomOrg(options, onError);","            };","","        local.testCase_buildLib_default = local.testCase_buildLib_default || function (","            options,","            onError","        ) {","        /*","         * this function will test buildLib's default handling-behavior","         */","            options = {};","            local.buildLib(options, onError);","        };","","        local.testCase_buildReadme_default = local.testCase_buildReadme_default || function (","            options,","            onError","        ) {","        /*","         * this function will test buildReadme's default handling-behavior-behavior","         */","            options = {};","            local.buildReadme(options, onError);","        };","","        local.testCase_buildTest_default = local.testCase_buildTest_default || function (","            options,","            onError","        ) {","        /*","         * this function will test buildTest's default handling-behavior","         */","            options = {};","            local.buildTest(options, onError);","        };","","        local.testCase_webpage_default = local.testCase_webpage_default || function (","            options,","            onError","        ) {","        /*","         * this function will test webpage's default handling-behavior","         */","            options = { modeCoverageMerge: true, url: local.serverLocalHost + '?modeTest=1' };","            local.browserTest(options, onError);","        };","","        // run test-server","        local.testRunServer(local);","        break;","    }","}());",""],"l":{"12":2,"14":2,"19":2,"21":2,"23":2,"24":2,"25":2,"30":1,"37":2,"40":2,"43":1,"47":1,"50":1,"52":1,"55":2,"61":2,"62":2,"64":2,"70":1,"76":1,"82":2,"83":2,"85":2,"91":1,"98":1,"102":1,"105":1,"112":1,"119":1,"120":1,"123":1,"130":1,"131":1,"132":1,"133":1,"134":1,"135":1,"138":1,"143":2,"144":2,"147":1,"154":2,"155":2,"158":1,"165":2,"166":2,"169":1,"176":2,"177":2,"180":1,"187":1,"188":1,"192":1,"193":1}},"/home/travis/build/npmtest/node-npmtest-rule-reactor/lib.npmtest_rule_reactor.js":{"path":"/home/travis/build/npmtest/node-npmtest-rule-reactor/lib.npmtest_rule_reactor.js","s":{"1":2,"2":2,"3":2,"4":2,"5":2,"6":2,"7":2,"8":1,"9":2,"10":2,"11":2,"12":2,"13":1,"14":1,"15":1,"16":1},"b":{"1":[2,1,1,1],"2":[1,1,1,1],"3":[1,1],"4":[2,2],"5":[1,1]},"f":{"1":2,"2":2,"3":2},"fnMap":{"1":{"name":"(anonymous_1)","line":12,"loc":{"start":{"line":12,"column":1},"end":{"line":12,"column":13}}},"2":{"name":"(anonymous_2)","line":19,"loc":{"start":{"line":19,"column":5},"end":{"line":19,"column":17}}},"3":{"name":"(anonymous_3)","line":23,"loc":{"start":{"line":23,"column":24},"end":{"line":23,"column":36}}}},"statementMap":{"1":{"start":{"line":12,"column":0},"end":{"line":53,"column":5}},"2":{"start":{"line":14,"column":4},"end":{"line":14,"column":14}},"3":{"start":{"line":19,"column":4},"end":{"line":52,"column":9}},"4":{"start":{"line":21,"column":8},"end":{"line":21,"column":19}},"5":{"start":{"line":23,"column":8},"end":{"line":35,"column":13}},"6":{"start":{"line":24,"column":12},"end":{"line":34,"column":13}},"7":{"start":{"line":25,"column":16},"end":{"line":28,"column":30}},"8":{"start":{"line":30,"column":16},"end":{"line":33,"column":27}},"9":{"start":{"line":37,"column":8},"end":{"line":39,"column":21}},"10":{"start":{"line":41,"column":8},"end":{"line":41,"column":54}},"11":{"start":{"line":43,"column":8},"end":{"line":43,"column":57}},"12":{"start":{"line":45,"column":8},"end":{"line":51,"column":9}},"13":{"start":{"line":46,"column":12},"end":{"line":46,"column":63}},"14":{"start":{"line":48,"column":12},"end":{"line":48,"column":35}},"15":{"start":{"line":49,"column":12},"end":{"line":49,"column":49}},"16":{"start":{"line":50,"column":12},"end":{"line":50,"column":43}}},"branchMap":{"1":{"line":25,"type":"binary-expr","locations":[{"start":{"line":25,"column":23},"end":{"line":25,"column":62}},{"start":{"line":26,"column":20},"end":{"line":26,"column":70}},{"start":{"line":27,"column":20},"end":{"line":27,"column":71}},{"start":{"line":28,"column":20},"end":{"line":28,"column":29}}]},"2":{"line":30,"type":"binary-expr","locations":[{"start":{"line":30,"column":23},"end":{"line":30,"column":37}},{"start":{"line":31,"column":20},"end":{"line":31,"column":61}},{"start":{"line":32,"column":20},"end":{"line":32,"column":70}},{"start":{"line":33,"column":20},"end":{"line":33,"column":26}}]},"3":{"line":37,"type":"cond-expr","locations":[{"start":{"line":38,"column":14},"end":{"line":38,"column":20}},{"start":{"line":39,"column":14},"end":{"line":39,"column":20}}]},"4":{"line":41,"type":"binary-expr","locations":[{"start":{"line":41,"column":16},"end":{"line":41,"column":44}},{"start":{"line":41,"column":48},"end":{"line":41,"column":53}}]},"5":{"line":45,"type":"if","locations":[{"start":{"line":45,"column":8},"end":{"line":45,"column":8}},{"start":{"line":45,"column":8},"end":{"line":45,"column":8}}]}},"code":["/* istanbul instrument in package npmtest_rule_reactor */","/*jslint","    bitwise: true,","    browser: true,","    maxerr: 8,","    maxlen: 96,","    node: true,","    nomen: true,","    regexp: true,","    stupid: true","*/","(function () {","    'use strict';","    var local;","","","","    // run shared js-env code - init-before","    (function () {","        // init local","        local = {};","        // init modeJs","        local.modeJs = (function () {","            try {","                return typeof navigator.userAgent === 'string' &&","                    typeof document.querySelector('body') === 'object' &&","                    typeof XMLHttpRequest.prototype.open === 'function' &&","                    'browser';","            } catch (errorCaughtBrowser) {","                return module.exports &&","                    typeof process.versions.node === 'string' &&","                    typeof require('http').createServer === 'function' &&","                    'node';","            }","        }());","        // init global","        local.global = local.modeJs === 'browser'","            ? window","            : global;","        // init utility2_rollup","        local = local.global.utility2_rollup || local;","        // init lib","        local.local = local.npmtest_rule_reactor = local;","        // init exports","        if (local.modeJs === 'browser') {","            local.global.utility2_npmtest_rule_reactor = local;","        } else {","            module.exports = local;","            module.exports.__dirname = __dirname;","            module.exports.module = module;","        }","    }());","}());",""],"l":{"12":2,"14":2,"19":2,"21":2,"23":2,"24":2,"25":2,"30":1,"37":2,"41":2,"43":2,"45":2,"46":1,"48":1,"49":1,"50":1}},"/home/travis/build/npmtest/node-npmtest-rule-reactor/example.js":{"path":"/home/travis/build/npmtest/node-npmtest-rule-reactor/example.js","s":{"1":2,"2":2,"3":2,"4":2,"5":2,"6":2,"7":2,"8":1,"9":2,"10":2,"11":2,"12":2,"13":1,"14":2,"15":2,"16":2,"17":2,"18":2,"19":0,"20":2,"21":1,"22":1,"23":1,"24":1,"25":1,"26":0,"27":0,"28":1,"29":1,"30":2,"31":0,"32":0,"33":0,"34":1,"35":2,"36":2,"37":3,"38":3,"39":3,"40":3,"41":0,"42":3,"43":3,"44":3,"45":1,"46":3,"47":1,"48":1,"49":1,"50":1,"51":1,"52":1,"53":1,"54":1,"55":1,"56":1,"57":0,"58":1,"59":6,"60":6,"61":1,"62":2,"63":0,"64":2,"65":1,"66":1,"67":0,"68":0,"69":0,"70":0,"71":0,"72":0,"73":0,"74":0,"75":0,"76":0,"77":0,"78":0,"79":0,"80":0,"81":0,"82":0,"83":0},"b":{"1":[2,1,1,1],"2":[1,1,1,1],"3":[1,1],"4":[2,2],"5":[1,1],"6":[1,1],"7":[2,0],"8":[2,1,1,1,1,1],"9":[0,2,0],"10":[1,1],"11":[2,1,1],"12":[1,0],"13":[0,2],"14":[2,0,0,0,0,0,0],"15":[0,3],"16":[3,0],"17":[1,1],"18":[0,1],"19":[1,2,0,2],"20":[1,0],"21":[1,1],"22":[0,0],"23":[0,0],"24":[0,0],"25":[0,0],"26":[0,0],"27":[0,0],"28":[0,0]},"f":{"1":2,"2":2,"3":2,"4":2,"5":2,"6":2,"7":3,"8":3,"9":3,"10":1,"11":6,"12":0},"fnMap":{"1":{"name":"(anonymous_1)","line":26,"loc":{"start":{"line":26,"column":1},"end":{"line":26,"column":13}}},"2":{"name":"(anonymous_2)","line":33,"loc":{"start":{"line":33,"column":5},"end":{"line":33,"column":17}}},"3":{"name":"(anonymous_3)","line":37,"loc":{"start":{"line":37,"column":24},"end":{"line":37,"column":36}}},"4":{"name":"(anonymous_4)","line":69,"loc":{"start":{"line":69,"column":31},"end":{"line":69,"column":48}},"skip":true},"5":{"name":"(anonymous_5)","line":78,"loc":{"start":{"line":78,"column":26},"end":{"line":78,"column":45}},"skip":true},"6":{"name":"(anonymous_6)","line":123,"loc":{"start":{"line":123,"column":33},"end":{"line":123,"column":48}},"skip":true},"7":{"name":"(anonymous_7)","line":125,"loc":{"start":{"line":125,"column":27},"end":{"line":125,"column":39}},"skip":true},"8":{"name":"(anonymous_8)","line":133,"loc":{"start":{"line":133,"column":59},"end":{"line":133,"column":74}},"skip":true},"9":{"name":"(anonymous_9)","line":143,"loc":{"start":{"line":143,"column":45},"end":{"line":143,"column":62}},"skip":true},"10":{"name":"(anonymous_10)","line":144,"loc":{"start":{"line":144,"column":73},"end":{"line":144,"column":92}},"skip":true},"11":{"name":"(anonymous_11)","line":272,"loc":{"start":{"line":272,"column":51},"end":{"line":272,"column":77}},"skip":true},"12":{"name":"(anonymous_12)","line":315,"loc":{"start":{"line":315,"column":32},"end":{"line":315,"column":61}},"skip":true}},"statementMap":{"1":{"start":{"line":26,"column":0},"end":{"line":326,"column":5}},"2":{"start":{"line":28,"column":4},"end":{"line":28,"column":14}},"3":{"start":{"line":33,"column":4},"end":{"line":60,"column":9}},"4":{"start":{"line":35,"column":8},"end":{"line":35,"column":19}},"5":{"start":{"line":37,"column":8},"end":{"line":49,"column":13}},"6":{"start":{"line":38,"column":12},"end":{"line":48,"column":13}},"7":{"start":{"line":39,"column":16},"end":{"line":42,"column":30}},"8":{"start":{"line":44,"column":16},"end":{"line":47,"column":27}},"9":{"start":{"line":51,"column":8},"end":{"line":53,"column":21}},"10":{"start":{"line":55,"column":8},"end":{"line":57,"column":45}},"11":{"start":{"line":59,"column":8},"end":{"line":59,"column":35}},"12":{"start":{"line":61,"column":4},"end":{"line":325,"column":5}},"13":{"start":{"line":69,"column":8},"end":{"line":121,"column":10},"skip":true},"14":{"start":{"line":70,"column":12},"end":{"line":88,"column":13},"skip":true},"15":{"start":{"line":76,"column":16},"end":{"line":87,"column":19},"skip":true},"16":{"start":{"line":79,"column":20},"end":{"line":86,"column":21},"skip":true},"17":{"start":{"line":82,"column":24},"end":{"line":82,"column":43},"skip":true},"18":{"start":{"line":83,"column":24},"end":{"line":83,"column":30},"skip":true},"19":{"start":{"line":85,"column":24},"end":{"line":85,"column":49},"skip":true},"20":{"start":{"line":89,"column":12},"end":{"line":107,"column":13},"skip":true},"21":{"start":{"line":92,"column":16},"end":{"line":102,"column":17},"skip":true},"22":{"start":{"line":93,"column":20},"end":{"line":93,"column":86},"skip":true},"23":{"start":{"line":94,"column":20},"end":{"line":95,"column":45},"skip":true},"24":{"start":{"line":96,"column":20},"end":{"line":96,"column":42},"skip":true},"25":{"start":{"line":97,"column":20},"end":{"line":97,"column":48},"skip":true},"26":{"start":{"line":100,"column":20},"end":{"line":100,"column":85},"skip":true},"27":{"start":{"line":101,"column":20},"end":{"line":101,"column":96},"skip":true},"28":{"start":{"line":103,"column":16},"end":{"line":103,"column":22},"skip":true},"29":{"start":{"line":106,"column":16},"end":{"line":106,"column":22},"skip":true},"30":{"start":{"line":108,"column":12},"end":{"line":120,"column":13},"skip":true},"31":{"start":{"line":114,"column":16},"end":{"line":119,"column":17},"skip":true},"32":{"start":{"line":116,"column":20},"end":{"line":116,"column":78},"skip":true},"33":{"start":{"line":118,"column":20},"end":{"line":118,"column":47},"skip":true},"34":{"start":{"line":123,"column":8},"end":{"line":141,"column":11},"skip":true},"35":{"start":{"line":124,"column":12},"end":{"line":124,"column":54},"skip":true},"36":{"start":{"line":125,"column":12},"end":{"line":140,"column":14},"skip":true},"37":{"start":{"line":126,"column":16},"end":{"line":126,"column":28},"skip":true},"38":{"start":{"line":127,"column":16},"end":{"line":127,"column":69},"skip":true},"39":{"start":{"line":128,"column":16},"end":{"line":128,"column":75},"skip":true},"40":{"start":{"line":129,"column":16},"end":{"line":131,"column":17},"skip":true},"41":{"start":{"line":130,"column":20},"end":{"line":130,"column":27},"skip":true},"42":{"start":{"line":133,"column":16},"end":{"line":137,"column":36},"skip":true},"43":{"start":{"line":134,"column":20},"end":{"line":136,"column":55},"skip":true},"44":{"start":{"line":139,"column":16},"end":{"line":139,"column":57},"skip":true},"45":{"start":{"line":143,"column":8},"end":{"line":147,"column":11},"skip":true},"46":{"start":{"line":144,"column":12},"end":{"line":146,"column":15},"skip":true},"47":{"start":{"line":145,"column":16},"end":{"line":145,"column":70},"skip":true},"48":{"start":{"line":149,"column":8},"end":{"line":149,"column":31},"skip":true},"49":{"start":{"line":150,"column":8},"end":{"line":150,"column":14},"skip":true},"50":{"start":{"line":158,"column":8},"end":{"line":158,"column":31},"skip":true},"51":{"start":{"line":160,"column":8},"end":{"line":160,"column":33},"skip":true},"52":{"start":{"line":161,"column":8},"end":{"line":161,"column":37},"skip":true},"53":{"start":{"line":162,"column":8},"end":{"line":162,"column":35},"skip":true},"54":{"start":{"line":164,"column":8},"end":{"line":164,"column":50},"skip":true},"55":{"start":{"line":166,"column":8},"end":{"line":256,"column":2},"skip":true},"56":{"start":{"line":258,"column":8},"end":{"line":286,"column":9},"skip":true},"57":{"start":{"line":259,"column":12},"end":{"line":269,"column":14},"skip":true},"58":{"start":{"line":271,"column":12},"end":{"line":285,"column":19},"skip":true},"59":{"start":{"line":274,"column":20},"end":{"line":274,"column":35},"skip":true},"60":{"start":{"line":275,"column":20},"end":{"line":284,"column":21},"skip":true},"61":{"start":{"line":277,"column":24},"end":{"line":277,"column":64},"skip":true},"62":{"start":{"line":279,"column":24},"end":{"line":279,"column":40},"skip":true},"63":{"start":{"line":281,"column":24},"end":{"line":281,"column":40},"skip":true},"64":{"start":{"line":283,"column":24},"end":{"line":283,"column":39},"skip":true},"65":{"start":{"line":288,"column":8},"end":{"line":290,"column":9},"skip":true},"66":{"start":{"line":289,"column":12},"end":{"line":289,"column":18},"skip":true},"67":{"start":{"line":291,"column":8},"end":{"line":293,"column":54},"skip":true},"68":{"start":{"line":296,"column":8},"end":{"line":301,"column":37},"skip":true},"69":{"start":{"line":303,"column":8},"end":{"line":303,"column":82},"skip":true},"70":{"start":{"line":306,"column":8},"end":{"line":308,"column":9},"skip":true},"71":{"start":{"line":307,"column":12},"end":{"line":307,"column":82},"skip":true},"72":{"start":{"line":310,"column":8},"end":{"line":312,"column":9},"skip":true},"73":{"start":{"line":311,"column":12},"end":{"line":311,"column":18},"skip":true},"74":{"start":{"line":313,"column":8},"end":{"line":313,"column":54},"skip":true},"75":{"start":{"line":314,"column":8},"end":{"line":314,"column":69},"skip":true},"76":{"start":{"line":315,"column":8},"end":{"line":323,"column":36},"skip":true},"77":{"start":{"line":316,"column":12},"end":{"line":316,"column":61},"skip":true},"78":{"start":{"line":317,"column":12},"end":{"line":320,"column":13},"skip":true},"79":{"start":{"line":318,"column":16},"end":{"line":318,"column":75},"skip":true},"80":{"start":{"line":319,"column":16},"end":{"line":319,"column":23},"skip":true},"81":{"start":{"line":321,"column":12},"end":{"line":321,"column":38},"skip":true},"82":{"start":{"line":322,"column":12},"end":{"line":322,"column":27},"skip":true},"83":{"start":{"line":324,"column":8},"end":{"line":324,"column":14},"skip":true}},"branchMap":{"1":{"line":39,"type":"binary-expr","locations":[{"start":{"line":39,"column":23},"end":{"line":39,"column":62}},{"start":{"line":40,"column":20},"end":{"line":40,"column":70}},{"start":{"line":41,"column":20},"end":{"line":41,"column":71}},{"start":{"line":42,"column":20},"end":{"line":42,"column":29}}]},"2":{"line":44,"type":"binary-expr","locations":[{"start":{"line":44,"column":23},"end":{"line":44,"column":37}},{"start":{"line":45,"column":20},"end":{"line":45,"column":61}},{"start":{"line":46,"column":20},"end":{"line":46,"column":70}},{"start":{"line":47,"column":20},"end":{"line":47,"column":26}}]},"3":{"line":51,"type":"cond-expr","locations":[{"start":{"line":52,"column":14},"end":{"line":52,"column":20}},{"start":{"line":53,"column":14},"end":{"line":53,"column":20}}]},"4":{"line":55,"type":"binary-expr","locations":[{"start":{"line":55,"column":16},"end":{"line":55,"column":44}},{"start":{"line":55,"column":49},"end":{"line":57,"column":43}}]},"5":{"line":55,"type":"cond-expr","locations":[{"start":{"line":56,"column":14},"end":{"line":56,"column":56}},{"start":{"line":57,"column":14},"end":{"line":57,"column":43}}]},"6":{"line":61,"type":"switch","locations":[{"start":{"line":68,"column":4},"end":{"line":150,"column":14},"skip":true},{"start":{"line":156,"column":4},"end":{"line":324,"column":14},"skip":true}]},"7":{"line":70,"type":"if","locations":[{"start":{"line":70,"column":12},"end":{"line":70,"column":12},"skip":true},{"start":{"line":70,"column":12},"end":{"line":70,"column":12},"skip":true}]},"8":{"line":70,"type":"binary-expr","locations":[{"start":{"line":70,"column":16},"end":{"line":70,"column":22},"skip":true},{"start":{"line":70,"column":27},"end":{"line":70,"column":32},"skip":true},{"start":{"line":71,"column":20},"end":{"line":71,"column":39},"skip":true},{"start":{"line":72,"column":20},"end":{"line":72,"column":49},"skip":true},{"start":{"line":73,"column":20},"end":{"line":73,"column":58},"skip":true},{"start":{"line":74,"column":20},"end":{"line":74,"column":69},"skip":true}]},"9":{"line":79,"type":"switch","locations":[{"start":{"line":80,"column":20},"end":{"line":80,"column":33},"skip":true},{"start":{"line":81,"column":20},"end":{"line":83,"column":30},"skip":true},{"start":{"line":84,"column":20},"end":{"line":85,"column":49},"skip":true}]},"10":{"line":89,"type":"switch","locations":[{"start":{"line":90,"column":12},"end":{"line":103,"column":22},"skip":true},{"start":{"line":105,"column":12},"end":{"line":106,"column":22},"skip":true}]},"11":{"line":89,"type":"binary-expr","locations":[{"start":{"line":89,"column":20},"end":{"line":89,"column":25},"skip":true},{"start":{"line":89,"column":29},"end":{"line":89,"column":48},"skip":true},{"start":{"line":89,"column":52},"end":{"line":89,"column":74},"skip":true}]},"12":{"line":92,"type":"if","locations":[{"start":{"line":92,"column":16},"end":{"line":92,"column":16},"skip":true},{"start":{"line":92,"column":16},"end":{"line":92,"column":16},"skip":true}]},"13":{"line":108,"type":"if","locations":[{"start":{"line":108,"column":12},"end":{"line":108,"column":12},"skip":true},{"start":{"line":108,"column":12},"end":{"line":108,"column":12},"skip":true}]},"14":{"line":108,"type":"binary-expr","locations":[{"start":{"line":108,"column":16},"end":{"line":108,"column":61},"skip":true},{"start":{"line":108,"column":66},"end":{"line":108,"column":72},"skip":true},{"start":{"line":108,"column":77},"end":{"line":108,"column":82},"skip":true},{"start":{"line":109,"column":20},"end":{"line":109,"column":39},"skip":true},{"start":{"line":110,"column":20},"end":{"line":110,"column":49},"skip":true},{"start":{"line":111,"column":20},"end":{"line":111,"column":58},"skip":true},{"start":{"line":112,"column":20},"end":{"line":112,"column":68},"skip":true}]},"15":{"line":129,"type":"if","locations":[{"start":{"line":129,"column":16},"end":{"line":129,"column":16},"skip":true},{"start":{"line":129,"column":16},"end":{"line":129,"column":16},"skip":true}]},"16":{"line":134,"type":"cond-expr","locations":[{"start":{"line":135,"column":26},"end":{"line":135,"column":29},"skip":true},{"start":{"line":136,"column":26},"end":{"line":136,"column":54},"skip":true}]},"17":{"line":164,"type":"binary-expr","locations":[{"start":{"line":164,"column":27},"end":{"line":164,"column":43},"skip":true},{"start":{"line":164,"column":47},"end":{"line":164,"column":49},"skip":true}]},"18":{"line":258,"type":"if","locations":[{"start":{"line":258,"column":8},"end":{"line":258,"column":8},"skip":true},{"start":{"line":258,"column":8},"end":{"line":258,"column":8},"skip":true}]},"19":{"line":275,"type":"switch","locations":[{"start":{"line":276,"column":20},"end":{"line":277,"column":64},"skip":true},{"start":{"line":278,"column":20},"end":{"line":279,"column":40},"skip":true},{"start":{"line":280,"column":20},"end":{"line":281,"column":40},"skip":true},{"start":{"line":282,"column":20},"end":{"line":283,"column":39},"skip":true}]},"20":{"line":288,"type":"if","locations":[{"start":{"line":288,"column":8},"end":{"line":288,"column":8},"skip":true},{"start":{"line":288,"column":8},"end":{"line":288,"column":8},"skip":true}]},"21":{"line":288,"type":"binary-expr","locations":[{"start":{"line":288,"column":12},"end":{"line":288,"column":40},"skip":true},{"start":{"line":288,"column":44},"end":{"line":288,"column":67},"skip":true}]},"22":{"line":292,"type":"binary-expr","locations":[{"start":{"line":292,"column":12},"end":{"line":292,"column":50},"skip":true},{"start":{"line":293,"column":12},"end":{"line":293,"column":53},"skip":true}]},"23":{"line":297,"type":"binary-expr","locations":[{"start":{"line":297,"column":12},"end":{"line":297,"column":70},"skip":true},{"start":{"line":298,"column":12},"end":{"line":301,"column":36},"skip":true}]},"24":{"line":303,"type":"binary-expr","locations":[{"start":{"line":303,"column":43},"end":{"line":303,"column":75},"skip":true},{"start":{"line":303,"column":79},"end":{"line":303,"column":81},"skip":true}]},"25":{"line":306,"type":"if","locations":[{"start":{"line":306,"column":8},"end":{"line":306,"column":8},"skip":true},{"start":{"line":306,"column":8},"end":{"line":306,"column":8},"skip":true}]},"26":{"line":310,"type":"if","locations":[{"start":{"line":310,"column":8},"end":{"line":310,"column":8},"skip":true},{"start":{"line":310,"column":8},"end":{"line":310,"column":8},"skip":true}]},"27":{"line":313,"type":"binary-expr","locations":[{"start":{"line":313,"column":27},"end":{"line":313,"column":43},"skip":true},{"start":{"line":313,"column":47},"end":{"line":313,"column":53},"skip":true}]},"28":{"line":317,"type":"if","locations":[{"start":{"line":317,"column":12},"end":{"line":317,"column":12},"skip":true},{"start":{"line":317,"column":12},"end":{"line":317,"column":12},"skip":true}]}},"code":["/*","example.js","","quickstart example","","instruction","    1. save this script as example.js","    2. run the shell command:","        $ npm install npmtest-rule-reactor && PORT=8081 node example.js","    3. play with the browser-demo on http://127.0.0.1:8081","*/","","","","/* istanbul instrument in package npmtest_rule_reactor */","/*jslint","    bitwise: true,","    browser: true,","    maxerr: 8,","    maxlen: 96,","    node: true,","    nomen: true,","    regexp: true,","    stupid: true","*/","(function () {","    'use strict';","    var local;","","","","    // run shared js-env code - init-before","    (function () {","        // init local","        local = {};","        // init modeJs","        local.modeJs = (function () {","            try {","                return typeof navigator.userAgent === 'string' &&","                    typeof document.querySelector('body') === 'object' &&","                    typeof XMLHttpRequest.prototype.open === 'function' &&","                    'browser';","            } catch (errorCaughtBrowser) {","                return module.exports &&","                    typeof process.versions.node === 'string' &&","                    typeof require('http').createServer === 'function' &&","                    'node';","            }","        }());","        // init global","        local.global = local.modeJs === 'browser'","            ? window","            : global;","        // init utility2_rollup","        local = local.global.utility2_rollup || (local.modeJs === 'browser'","            ? local.global.utility2_npmtest_rule_reactor","            : global.utility2_moduleExports);","        // export local","        local.global.local = local;","    }());","    switch (local.modeJs) {","","","","    // init-after","    // run browser js-env code - init-after","    /* istanbul ignore next */","    case 'browser':","        local.testRunBrowser = function (event) {","            if (!event || (event &&","                    event.currentTarget &&","                    event.currentTarget.className &&","                    event.currentTarget.className.includes &&","                    event.currentTarget.className.includes('onreset'))) {","                // reset output","                Array.from(","                    document.querySelectorAll('body > .resettable')","                ).forEach(function (element) {","                    switch (element.tagName) {","                    case 'INPUT':","                    case 'TEXTAREA':","                        element.value = '';","                        break;","                    default:","                        element.textContent = '';","                    }","                });","            }","            switch (event && event.currentTarget && event.currentTarget.id) {","            case 'testRunButton1':","                // show tests","                if (document.querySelector('#testReportDiv1').style.display === 'none') {","                    document.querySelector('#testReportDiv1').style.display = 'block';","                    document.querySelector('#testRunButton1').textContent =","                        'hide internal test';","                    local.modeTest = true;","                    local.testRunDefault(local);","                // hide tests","                } else {","                    document.querySelector('#testReportDiv1').style.display = 'none';","                    document.querySelector('#testRunButton1').textContent = 'run internal test';","                }","                break;","            // custom-case","            default:","                break;","            }","            if (document.querySelector('#inputTextareaEval1') && (!event || (event &&","                    event.currentTarget &&","                    event.currentTarget.className &&","                    event.currentTarget.className.includes &&","                    event.currentTarget.className.includes('oneval')))) {","                // try to eval input-code","                try {","                    /*jslint evil: true*/","                    eval(document.querySelector('#inputTextareaEval1').value);","                } catch (errorCaught) {","                    console.error(errorCaught);","                }","            }","        };","        // log stderr and stdout to #outputTextareaStdout1","        ['error', 'log'].forEach(function (key) {","            console[key + '_original'] = console[key];","            console[key] = function () {","                var element;","                console[key + '_original'].apply(console, arguments);","                element = document.querySelector('#outputTextareaStdout1');","                if (!element) {","                    return;","                }","                // append text to #outputTextareaStdout1","                element.value += Array.from(arguments).map(function (arg) {","                    return typeof arg === 'string'","                        ? arg","                        : JSON.stringify(arg, null, 4);","                }).join(' ') + '\\n';","                // scroll textarea to bottom","                element.scrollTop = element.scrollHeight;","            };","        });","        // init event-handling","        ['change', 'click', 'keyup'].forEach(function (event) {","            Array.from(document.querySelectorAll('.on' + event)).forEach(function (element) {","                element.addEventListener(event, local.testRunBrowser);","            });","        });","        // run tests","        local.testRunBrowser();","        break;","","","","    // run node js-env code - init-after","    /* istanbul ignore next */","    case 'node':","        // export local","        module.exports = local;","        // require modules","        local.fs = require('fs');","        local.http = require('http');","        local.url = require('url');","        // init assets","        local.assetsDict = local.assetsDict || {};","        /* jslint-ignore-begin */","        local.assetsDict['/assets.index.template.html'] = '\\","<!doctype html>\\n\\","<html lang=\"en\">\\n\\","<head>\\n\\","<meta charset=\"UTF-8\">\\n\\","<meta name=\"viewport\" content=\"width=device-width, initial-scale=1\">\\n\\","<title>{{env.npm_package_name}} (v{{env.npm_package_version}})</title>\\n\\","<style>\\n\\","/*csslint\\n\\","    box-sizing: false,\\n\\","    universal-selector: false\\n\\","*/\\n\\","* {\\n\\","    box-sizing: border-box;\\n\\","}\\n\\","body {\\n\\","    background: #dde;\\n\\","    font-family: Arial, Helvetica, sans-serif;\\n\\","    margin: 2rem;\\n\\","}\\n\\","body > * {\\n\\","    margin-bottom: 1rem;\\n\\","}\\n\\",".utility2FooterDiv {\\n\\","    margin-top: 20px;\\n\\","    text-align: center;\\n\\","}\\n\\","</style>\\n\\","<style>\\n\\","/*csslint\\n\\","*/\\n\\","textarea {\\n\\","    font-family: monospace;\\n\\","    height: 10rem;\\n\\","    width: 100%;\\n\\","}\\n\\","textarea[readonly] {\\n\\","    background: #ddd;\\n\\","}\\n\\","</style>\\n\\","</head>\\n\\","<body>\\n\\","<!-- utility2-comment\\n\\","<div id=\"ajaxProgressDiv1\" style=\"background: #d00; height: 2px; left: 0; margin: 0; padding: 0; position: fixed; top: 0; transition: background 0.5s, width 1.5s; width: 25%;\"></div>\\n\\","utility2-comment -->\\n\\","<h1>\\n\\","<!-- utility2-comment\\n\\","    <a\\n\\","        {{#if env.npm_package_homepage}}\\n\\","        href=\"{{env.npm_package_homepage}}\"\\n\\","        {{/if env.npm_package_homepage}}\\n\\","        target=\"_blank\"\\n\\","    >\\n\\","utility2-comment -->\\n\\","        {{env.npm_package_name}} (v{{env.npm_package_version}})\\n\\","<!-- utility2-comment\\n\\","    </a>\\n\\","utility2-comment -->\\n\\","</h1>\\n\\","<h3>{{env.npm_package_description}}</h3>\\n\\","<!-- utility2-comment\\n\\","<h4><a download href=\"assets.app.js\">download standalone app</a></h4>\\n\\","<button class=\"onclick onreset\" id=\"testRunButton1\">run internal test</button><br>\\n\\","<div id=\"testReportDiv1\" style=\"display: none;\"></div>\\n\\","utility2-comment -->\\n\\","\\n\\","\\n\\","\\n\\","<label>stderr and stdout</label>\\n\\","<textarea class=\"resettable\" id=\"outputTextareaStdout1\" readonly></textarea>\\n\\","<!-- utility2-comment\\n\\","{{#if isRollup}}\\n\\","<script src=\"assets.app.js\"></script>\\n\\","{{#unless isRollup}}\\n\\","utility2-comment -->\\n\\","<script src=\"assets.utility2.rollup.js\"></script>\\n\\","<script src=\"jsonp.utility2._stateInit?callback=window.utility2._stateInit\"></script>\\n\\","<script src=\"assets.npmtest_rule_reactor.rollup.js\"></script>\\n\\","<script src=\"assets.example.js\"></script>\\n\\","<script src=\"assets.test.js\"></script>\\n\\","<!-- utility2-comment\\n\\","{{/if isRollup}}\\n\\","utility2-comment -->\\n\\","<div class=\"utility2FooterDiv\">\\n\\","    [ this app was created with\\n\\","    <a href=\"https://github.com/kaizhu256/node-utility2\" target=\"_blank\">utility2</a>\\n\\","    ]\\n\\","</div>\\n\\","</body>\\n\\","</html>\\n\\","';","        /* jslint-ignore-end */","        if (local.templateRender) {","            local.assetsDict['/'] = local.templateRender(","                local.assetsDict['/assets.index.template.html'],","                {","                    env: local.objectSetDefault(local.env, {","                        npm_package_description: 'the greatest app in the world!',","                        npm_package_name: 'my-app',","                        npm_package_nameAlias: 'my_app',","                        npm_package_version: '0.0.1'","                    })","                }","            );","        } else {","            local.assetsDict['/'] = local.assetsDict['/assets.index.template.html']","                .replace((/\\{\\{env\\.(\\w+?)\\}\\}/g), function (match0, match1) {","                    // jslint-hack","                    String(match0);","                    switch (match1) {","                    case 'npm_package_description':","                        return 'the greatest app in the world!';","                    case 'npm_package_name':","                        return 'my-app';","                    case 'npm_package_nameAlias':","                        return 'my_app';","                    case 'npm_package_version':","                        return '0.0.1';","                    }","                });","        }","        // run the cli","        if (local.global.utility2_rollup || module !== require.main) {","            break;","        }","        local.assetsDict['/assets.example.js'] =","            local.assetsDict['/assets.example.js'] ||","            local.fs.readFileSync(__filename, 'utf8');","        // bug-workaround - long $npm_package_buildCustomOrg","        /* jslint-ignore-begin */","        local.assetsDict['/assets.npmtest_rule_reactor.rollup.js'] =","            local.assetsDict['/assets.npmtest_rule_reactor.rollup.js'] ||","            local.fs.readFileSync(","                local.npmtest_rule_reactor.__dirname + '/lib.npmtest_rule_reactor.js',","                'utf8'","            ).replace((/^#!/), '//');","        /* jslint-ignore-end */","        local.assetsDict['/favicon.ico'] = local.assetsDict['/favicon.ico'] || '';","        // if $npm_config_timeout_exit exists,","        // then exit this process after $npm_config_timeout_exit ms","        if (Number(process.env.npm_config_timeout_exit)) {","            setTimeout(process.exit, Number(process.env.npm_config_timeout_exit));","        }","        // start server","        if (local.global.utility2_serverHttp1) {","            break;","        }","        process.env.PORT = process.env.PORT || '8081';","        console.error('server starting on port ' + process.env.PORT);","        local.http.createServer(function (request, response) {","            request.urlParsed = local.url.parse(request.url);","            if (local.assetsDict[request.urlParsed.pathname] !== undefined) {","                response.end(local.assetsDict[request.urlParsed.pathname]);","                return;","            }","            response.statusCode = 404;","            response.end();","        }).listen(process.env.PORT);","        break;","    }","}());",""],"l":{"26":2,"28":2,"33":2,"35":2,"37":2,"38":2,"39":2,"44":1,"51":2,"55":2,"59":2,"61":2,"69":1,"70":2,"76":2,"79":2,"82":2,"83":2,"85":1,"89":2,"92":1,"93":1,"94":1,"96":1,"97":1,"100":1,"101":1,"103":1,"106":1,"108":2,"114":1,"116":1,"118":1,"123":1,"124":2,"125":2,"126":3,"127":3,"128":3,"129":3,"130":1,"133":3,"134":3,"139":3,"143":1,"144":3,"145":1,"149":1,"150":1,"158":1,"160":1,"161":1,"162":1,"164":1,"166":1,"258":1,"259":1,"271":1,"274":6,"275":6,"277":1,"279":2,"281":1,"283":2,"288":1,"289":1,"291":1,"296":1,"303":1,"306":1,"307":1,"310":1,"311":1,"313":1,"314":1,"315":1,"316":1,"317":1,"318":1,"319":1,"321":1,"322":1,"324":1}},"/home/travis/build/npmtest/node-npmtest-rule-reactor/node_modules/rule-reactor/index.js":{"path":"/home/travis/build/npmtest/node-npmtest-rule-reactor/node_modules/rule-reactor/index.js","s":{"1":1,"2":1,"3":1,"4":1,"5":1,"6":0,"7":0,"8":0,"9":0,"10":0,"11":0,"12":0,"13":0,"14":0,"15":0,"16":0,"17":0,"18":0,"19":0,"20":0,"21":0,"22":0,"23":0,"24":0,"25":1,"26":1,"27":0,"28":0,"29":1,"30":0,"31":0,"32":0,"33":0,"34":0,"35":0,"36":0,"37":0,"38":0,"39":0,"40":0,"41":1,"42":1,"43":1,"44":0,"45":0,"46":0,"47":0,"48":0,"49":0,"50":0,"51":0,"52":0,"53":0,"54":0,"55":0,"56":0,"57":0,"58":0,"59":0,"60":0,"61":0,"62":1,"63":1,"64":0,"65":0,"66":0,"67":0,"68":0,"69":0,"70":0,"71":0,"72":0,"73":0,"74":0,"75":1,"76":1,"77":0,"78":0,"79":0,"80":0,"81":0,"82":0,"83":0,"84":0,"85":0,"86":0,"87":0,"88":0,"89":0,"90":0,"91":0,"92":0,"93":0,"94":1,"95":0,"96":0,"97":0,"98":0,"99":0,"100":0,"101":0,"102":1,"103":0,"104":0,"105":0,"106":0,"107":1,"108":1,"109":0,"110":0,"111":0,"112":0,"113":0,"114":0,"115":0,"116":0,"117":0,"118":0,"119":0,"120":0,"121":0,"122":0,"123":0,"124":0,"125":0,"126":1,"127":0,"128":0,"129":0,"130":0,"131":0,"132":0,"133":1,"134":1,"135":0,"136":0,"137":0,"138":0,"139":0,"140":0,"141":0,"142":0,"143":0,"144":1,"145":0,"146":0,"147":0,"148":0,"149":0,"150":0,"151":0,"152":0,"153":0,"154":0,"155":0,"156":0,"157":0,"158":0,"159":0,"160":0,"161":0,"162":0,"163":0,"164":0,"165":0,"166":0,"167":0,"168":0,"169":0,"170":0,"171":0,"172":0,"173":0,"174":0,"175":0,"176":0,"177":0,"178":0,"179":0,"180":0,"181":0,"182":0,"183":0,"184":0,"185":0,"186":0,"187":0,"188":0,"189":0,"190":0,"191":0,"192":0,"193":0,"194":0,"195":0,"196":0,"197":0,"198":0,"199":0,"200":0,"201":0,"202":0,"203":0,"204":0,"205":0,"206":0,"207":0,"208":0,"209":0,"210":0,"211":0,"212":0,"213":0,"214":0,"215":0,"216":0,"217":0,"218":0,"219":0,"220":0,"221":0,"222":0,"223":0,"224":0,"225":0,"226":0,"227":0,"228":0,"229":0,"230":0,"231":0,"232":0,"233":0,"234":0,"235":0,"236":0,"237":0,"238":0,"239":0,"240":0,"241":0,"242":0,"243":0,"244":0,"245":0,"246":0,"247":0,"248":0,"249":0,"250":0,"251":0,"252":0,"253":1,"254":1,"255":0,"256":0,"257":1,"258":0,"259":0,"260":0,"261":0,"262":0,"263":0,"264":0,"265":0,"266":0,"267":0,"268":0,"269":0,"270":0,"271":0,"272":0,"273":0,"274":1,"275":0,"276":0,"277":0,"278":0,"279":0,"280":0,"281":0,"282":0,"283":0,"284":0,"285":0,"286":0,"287":0,"288":0,"289":0,"290":0,"291":0,"292":1,"293":0,"294":1,"295":0,"296":0,"297":0,"298":0,"299":0,"300":1,"301":0,"302":0,"303":0,"304":0,"305":0,"306":0,"307":0,"308":0,"309":0,"310":0,"311":0,"312":0,"313":0,"314":0,"315":0,"316":0,"317":0,"318":0,"319":0,"320":0,"321":1,"322":0,"323":0,"324":0,"325":0,"326":0,"327":0,"328":0,"329":0,"330":0,"331":0,"332":0,"333":0,"334":0,"335":0,"336":0,"337":0,"338":0,"339":0,"340":0,"341":0,"342":0,"343":0,"344":0,"345":0,"346":0,"347":0,"348":0,"349":1,"350":0,"351":0,"352":0,"353":0,"354":0,"355":0,"356":0,"357":0,"358":1,"359":0,"360":0,"361":0,"362":0,"363":1,"364":0,"365":0,"366":0,"367":0,"368":1,"369":0,"370":0,"371":0,"372":0,"373":0,"374":0,"375":1,"376":0,"377":0,"378":0,"379":0,"380":0,"381":0,"382":0,"383":0,"384":0,"385":0,"386":0,"387":0,"388":0,"389":0,"390":0,"391":0,"392":0,"393":0,"394":0,"395":0,"396":0,"397":0,"398":0,"399":0,"400":0,"401":0,"402":0,"403":0,"404":0,"405":0,"406":0,"407":0,"408":0,"409":0,"410":0,"411":0,"412":0,"413":1,"414":0,"415":0,"416":0,"417":0,"418":0,"419":0,"420":0,"421":0,"422":0,"423":1,"424":0,"425":0,"426":0,"427":0,"428":0,"429":0,"430":0,"431":0,"432":0,"433":0,"434":0,"435":1,"436":0,"437":0,"438":0,"439":0,"440":0,"441":0,"442":0,"443":0,"444":0,"445":0,"446":0,"447":0,"448":0,"449":0,"450":0,"451":0,"452":0,"453":0,"454":0,"455":1,"456":0,"457":0,"458":0,"459":0,"460":0,"461":0,"462":0,"463":0,"464":0,"465":0,"466":0,"467":0,"468":0,"469":0,"470":0,"471":0,"472":0,"473":0,"474":0,"475":0,"476":0,"477":0,"478":0,"479":0,"480":0,"481":0,"482":1,"483":0,"484":0,"485":0,"486":0,"487":0,"488":0,"489":0,"490":0,"491":0,"492":0,"493":0,"494":0,"495":0,"496":0,"497":0,"498":0,"499":0,"500":0,"501":0,"502":0,"503":0,"504":0,"505":0,"506":0,"507":0,"508":0,"509":0,"510":0,"511":0,"512":0,"513":0,"514":0,"515":0,"516":0,"517":0,"518":0,"519":0,"520":0,"521":0,"522":1,"523":0,"524":0,"525":0,"526":0,"527":0,"528":0,"529":0,"530":0,"531":0,"532":0,"533":0,"534":0,"535":0,"536":0,"537":0,"538":0,"539":0,"540":0,"541":0,"542":0,"543":0,"544":0,"545":0,"546":0,"547":0,"548":0,"549":0,"550":0,"551":0,"552":0,"553":0,"554":1,"555":0,"556":0,"557":0,"558":0,"559":0,"560":0,"561":0,"562":0,"563":0,"564":1,"565":0,"566":0,"567":0,"568":0,"569":0,"570":0,"571":0,"572":0,"573":0,"574":0,"575":0,"576":0,"577":0,"578":0,"579":0,"580":0,"581":0,"582":0,"583":0,"584":0,"585":0,"586":0,"587":0,"588":0,"589":0,"590":0,"591":0,"592":1,"593":0,"594":1,"595":0,"596":0,"597":0,"598":0,"599":0,"600":0,"601":0,"602":0,"603":0,"604":0,"605":0,"606":0,"607":0,"608":0,"609":0,"610":0,"611":0,"612":0,"613":0,"614":0,"615":0,"616":0,"617":0,"618":0,"619":0,"620":0,"621":0,"622":0,"623":0,"624":0,"625":0,"626":0,"627":0,"628":0,"629":0,"630":0,"631":0,"632":0,"633":0,"634":0,"635":0,"636":0,"637":0,"638":0,"639":0,"640":0,"641":0,"642":0,"643":0,"644":0,"645":0,"646":0,"647":0,"648":0,"649":0,"650":0,"651":0,"652":0,"653":0,"654":0,"655":0,"656":0,"657":0,"658":0,"659":0,"660":0,"661":0,"662":0,"663":0,"664":0,"665":0,"666":0,"667":0,"668":0,"669":1,"670":0,"671":0,"672":0,"673":0,"674":0,"675":1,"676":0,"677":0,"678":1,"679":0,"680":0,"681":0,"682":0,"683":0,"684":0,"685":0,"686":0,"687":0,"688":0,"689":0,"690":0,"691":0,"692":0,"693":0,"694":0,"695":0,"696":0,"697":0,"698":0,"699":0,"700":0,"701":0,"702":0,"703":0,"704":0,"705":0,"706":0,"707":0,"708":0,"709":0,"710":0,"711":0,"712":0,"713":0,"714":1,"715":1,"716":0,"717":0,"718":0,"719":0,"720":0,"721":0,"722":0,"723":0,"724":0,"725":0,"726":0,"727":0,"728":0,"729":0,"730":0,"731":0,"732":0,"733":0,"734":0,"735":0,"736":0,"737":0,"738":0,"739":0,"740":0,"741":0,"742":0,"743":0,"744":0,"745":0,"746":0,"747":0,"748":0,"749":0,"750":0,"751":1,"752":1,"753":0,"754":1,"755":1,"756":0,"757":0,"758":0,"759":0,"760":0,"761":0,"762":0,"763":0,"764":0,"765":0,"766":0,"767":0,"768":0,"769":0,"770":0,"771":0,"772":0,"773":0,"774":0,"775":0,"776":0,"777":0,"778":0,"779":0,"780":1,"781":0,"782":0,"783":0,"784":0,"785":0,"786":0,"787":0,"788":0,"789":0,"790":1,"791":0,"792":1,"793":0,"794":0,"795":0,"796":0,"797":0,"798":0,"799":0,"800":0,"801":0,"802":0,"803":0,"804":0,"805":0,"806":0,"807":0,"808":0,"809":0,"810":0,"811":0,"812":0,"813":0,"814":0,"815":0,"816":0,"817":0,"818":0,"819":0,"820":0,"821":0,"822":0,"823":0,"824":0,"825":0,"826":0,"827":0,"828":1,"829":0,"830":0,"831":0,"832":1,"833":0,"834":0,"835":0,"836":0,"837":0,"838":1,"839":1,"840":0,"841":0,"842":0,"843":0},"b":{"1":[0,0],"2":[0,0],"3":[0,0],"4":[0,0],"5":[0,0,0],"6":[0,0],"7":[0,0],"8":[0,0],"9":[0,0],"10":[0,0],"11":[0,0],"12":[0,0],"13":[0,0],"14":[0,0],"15":[0,0],"16":[0,0],"17":[0,0],"18":[0,0,0],"19":[0,0],"20":[0,0],"21":[0,0],"22":[0,0],"23":[0,0],"24":[0,0,0,0,0],"25":[0,0],"26":[0,0],"27":[0,0],"28":[0,0],"29":[0,0],"30":[0,0],"31":[0,0],"32":[0,0],"33":[0,0],"34":[0,0],"35":[0,0,0],"36":[0,0],"37":[0,0],"38":[0,0],"39":[0,0],"40":[0,0],"41":[0,0],"42":[0,0],"43":[0,0],"44":[0,0],"45":[0,0],"46":[0,0],"47":[0,0],"48":[0,0],"49":[0,0],"50":[0,0],"51":[0,0],"52":[0,0],"53":[0,0],"54":[0,0],"55":[0,0],"56":[0,0],"57":[0,0],"58":[0,0],"59":[0,0],"60":[0,0],"61":[0,0],"62":[0,0],"63":[0,0],"64":[0,0],"65":[0,0],"66":[0,0],"67":[0,0],"68":[0,0],"69":[0,0],"70":[0,0],"71":[0,0],"72":[0,0],"73":[0,0],"74":[0,0],"75":[0,0],"76":[0,0],"77":[0,0],"78":[0,0],"79":[0,0,0,0],"80":[0,0],"81":[0,0],"82":[0,0],"83":[0,0],"84":[0,0],"85":[0,0],"86":[0,0],"87":[0,0],"88":[0,0],"89":[0,0],"90":[0,0],"91":[0,0],"92":[0,0],"93":[0,0],"94":[0,0],"95":[0,0],"96":[0,0],"97":[0,0],"98":[0,0],"99":[0,0],"100":[0,0],"101":[0,0],"102":[0,0],"103":[0,0],"104":[0,0],"105":[0,0],"106":[0,0],"107":[0,0],"108":[0,0],"109":[0,0],"110":[0,0],"111":[0,0],"112":[0,0],"113":[0,0],"114":[0,0],"115":[0,0],"116":[0,0],"117":[0,0],"118":[0,0],"119":[0,0,0],"120":[0,0],"121":[0,0],"122":[0,0],"123":[0,0],"124":[0,0],"125":[0,0],"126":[0,0],"127":[0,0],"128":[0,0],"129":[0,0],"130":[0,0],"131":[0,0],"132":[0,0],"133":[0,0],"134":[0,0],"135":[0,0],"136":[0,0],"137":[0,0],"138":[0,0],"139":[0,0],"140":[0,0],"141":[0,0],"142":[0,0],"143":[0,0],"144":[0,0],"145":[0,0],"146":[0,0],"147":[0,0],"148":[0,0],"149":[0,0,0,0],"150":[0,0],"151":[0,0],"152":[0,0],"153":[0,0],"154":[0,0],"155":[0,0],"156":[0,0],"157":[0,0],"158":[0,0],"159":[0,0],"160":[0,0],"161":[0,0],"162":[0,0],"163":[0,0],"164":[0,0],"165":[0,0],"166":[0,0],"167":[0,0],"168":[0,0],"169":[0,0],"170":[0,0],"171":[0,0,0,0],"172":[0,0],"173":[0,0],"174":[0,0],"175":[0,0],"176":[0,0],"177":[0,0],"178":[0,0],"179":[0,0],"180":[0,0],"181":[0,0],"182":[0,0],"183":[0,0],"184":[0,0],"185":[0,0],"186":[0,0],"187":[0,0],"188":[0,0],"189":[0,0],"190":[0,0],"191":[0,0],"192":[0,0],"193":[0,0],"194":[0,0],"195":[0,0],"196":[0,0],"197":[0,0],"198":[0,0],"199":[0,0],"200":[0,0],"201":[0,0],"202":[0,0],"203":[0,0],"204":[0,0],"205":[0,0],"206":[0,0],"207":[0,0],"208":[0,0],"209":[0,0],"210":[0,0],"211":[0,0],"212":[0,0],"213":[0,0],"214":[0,0],"215":[0,0],"216":[0,0],"217":[0,0],"218":[0,0],"219":[0,0],"220":[0,0],"221":[0,0],"222":[0,0],"223":[0,0],"224":[0,0],"225":[0,0],"226":[0,0],"227":[0,0],"228":[0,0],"229":[0,0],"230":[0,0],"231":[0,0],"232":[0,0],"233":[0,0],"234":[0,0],"235":[0,0],"236":[0,0],"237":[0,0],"238":[0,0],"239":[0,0],"240":[0,0],"241":[0,0],"242":[0,0],"243":[0,0],"244":[0,0],"245":[0,0],"246":[0,0],"247":[0,0],"248":[0,0],"249":[0,0],"250":[0,0],"251":[0,0],"252":[0,0],"253":[0,0],"254":[0,0],"255":[0,0],"256":[0,0],"257":[0,0],"258":[0,0],"259":[0,0],"260":[0,0],"261":[0,0],"262":[0,0],"263":[0,0],"264":[0,0],"265":[0,0],"266":[0,0],"267":[0,0],"268":[0,0],"269":[0,0],"270":[0,0],"271":[0,0],"272":[0,0],"273":[0,0],"274":[1,0],"275":[0,0],"276":[0,0],"277":[0,1],"278":[1,0]},"f":{"1":1,"2":1,"3":0,"4":0,"5":0,"6":0,"7":0,"8":0,"9":0,"10":0,"11":0,"12":0,"13":0,"14":0,"15":0,"16":0,"17":0,"18":0,"19":0,"20":0,"21":0,"22":0,"23":0,"24":0,"25":0,"26":0,"27":0,"28":0,"29":0,"30":0,"31":0,"32":0,"33":0,"34":0,"35":0,"36":0,"37":0,"38":0,"39":0,"40":0,"41":0,"42":0,"43":0,"44":0,"45":0,"46":0,"47":0,"48":0,"49":0,"50":0,"51":0,"52":0,"53":0,"54":0,"55":0,"56":0,"57":0,"58":0,"59":0,"60":0,"61":0,"62":0,"63":0,"64":0,"65":0,"66":0,"67":0,"68":0,"69":0,"70":0,"71":0,"72":0,"73":0,"74":0,"75":0,"76":0,"77":0,"78":0,"79":0,"80":0,"81":0,"82":0,"83":0,"84":0,"85":0,"86":0,"87":0,"88":0,"89":0,"90":0,"91":0,"92":0,"93":0,"94":0,"95":0,"96":0,"97":0,"98":0,"99":0,"100":0,"101":0,"102":0,"103":0,"104":0,"105":0,"106":0,"107":0,"108":0,"109":0,"110":0,"111":0,"112":0,"113":0,"114":0,"115":0,"116":0,"117":0,"118":0,"119":0,"120":0,"121":0,"122":0,"123":0,"124":0,"125":0,"126":0,"127":0,"128":0,"129":0,"130":0,"131":0,"132":0,"133":0,"134":0,"135":0,"136":0,"137":0,"138":0,"139":0},"fnMap":{"1":{"name":"(anonymous_1)","line":13,"loc":{"start":{"line":13,"column":1},"end":{"line":13,"column":12}}},"2":{"name":"intersector","line":18,"loc":{"start":{"line":18,"column":1},"end":{"line":18,"column":31}}},"3":{"name":"intersection","line":19,"loc":{"start":{"line":19,"column":9},"end":{"line":19,"column":33}}},"4":{"name":"CXProduct","line":55,"loc":{"start":{"line":55,"column":1},"end":{"line":55,"column":32}}},"5":{"name":"(anonymous_5)","line":59,"loc":{"start":{"line":59,"column":30},"end":{"line":59,"column":41}}},"6":{"name":"(anonymous_6)","line":65,"loc":{"start":{"line":65,"column":27},"end":{"line":65,"column":48}}},"7":{"name":"(anonymous_7)","line":75,"loc":{"start":{"line":75,"column":29},"end":{"line":75,"column":56}}},"8":{"name":"dive","line":76,"loc":{"start":{"line":76,"column":2},"end":{"line":76,"column":72}}},"9":{"name":"(anonymous_9)","line":103,"loc":{"start":{"line":103,"column":27},"end":{"line":103,"column":50}}},"10":{"name":"get","line":104,"loc":{"start":{"line":104,"column":2},"end":{"line":104,"column":35}}},"11":{"name":"(anonymous_11)","line":113,"loc":{"start":{"line":113,"column":31},"end":{"line":113,"column":49}}},"12":{"name":"(anonymous_12)","line":119,"loc":{"start":{"line":119,"column":28},"end":{"line":119,"column":55}}},"13":{"name":"dive","line":120,"loc":{"start":{"line":120,"column":2},"end":{"line":120,"column":72}}},"14":{"name":"(anonymous_14)","line":145,"loc":{"start":{"line":145,"column":29},"end":{"line":145,"column":56}}},"15":{"name":"(anonymous_15)","line":156,"loc":{"start":{"line":156,"column":30},"end":{"line":156,"column":46}}},"16":{"name":"(anonymous_16)","line":159,"loc":{"start":{"line":159,"column":30},"end":{"line":159,"column":50}}},"17":{"name":"(anonymous_17)","line":161,"loc":{"start":{"line":161,"column":32},"end":{"line":161,"column":51}}},"18":{"name":"dive","line":162,"loc":{"start":{"line":162,"column":2},"end":{"line":162,"column":64}}},"19":{"name":"(anonymous_19)","line":186,"loc":{"start":{"line":186,"column":32},"end":{"line":186,"column":51}}},"20":{"name":"getFunctionArgs","line":199,"loc":{"start":{"line":199,"column":1},"end":{"line":199,"column":29}}},"21":{"name":"(anonymous_21)","line":204,"loc":{"start":{"line":204,"column":17},"end":{"line":204,"column":33}}},"22":{"name":"compile","line":212,"loc":{"start":{"line":212,"column":1},"end":{"line":212,"column":38}}},"23":{"name":"(anonymous_23)","line":214,"loc":{"start":{"line":214,"column":20},"end":{"line":214,"column":39}}},"24":{"name":"(anonymous_24)","line":233,"loc":{"start":{"line":233,"column":17},"end":{"line":233,"column":29}}},"25":{"name":"(anonymous_25)","line":234,"loc":{"start":{"line":234,"column":17},"end":{"line":234,"column":28}}},"26":{"name":"(anonymous_26)","line":235,"loc":{"start":{"line":235,"column":49},"end":{"line":235,"column":68}}},"27":{"name":"(anonymous_27)","line":239,"loc":{"start":{"line":239,"column":17},"end":{"line":239,"column":29}}},"28":{"name":"(anonymous_28)","line":240,"loc":{"start":{"line":240,"column":50},"end":{"line":240,"column":69}}},"29":{"name":"(anonymous_29)","line":247,"loc":{"start":{"line":247,"column":27},"end":{"line":247,"column":47}}},"30":{"name":"(anonymous_30)","line":249,"loc":{"start":{"line":249,"column":5},"end":{"line":249,"column":21}}},"31":{"name":"(anonymous_31)","line":266,"loc":{"start":{"line":266,"column":26},"end":{"line":266,"column":46}}},"32":{"name":"(anonymous_32)","line":268,"loc":{"start":{"line":268,"column":4},"end":{"line":268,"column":43}}},"33":{"name":"(anonymous_33)","line":273,"loc":{"start":{"line":273,"column":23},"end":{"line":273,"column":42}}},"34":{"name":"(anonymous_34)","line":283,"loc":{"start":{"line":283,"column":7},"end":{"line":283,"column":23}}},"35":{"name":"(anonymous_35)","line":301,"loc":{"start":{"line":301,"column":5},"end":{"line":301,"column":44}}},"36":{"name":"(anonymous_36)","line":305,"loc":{"start":{"line":305,"column":24},"end":{"line":305,"column":43}}},"37":{"name":"(anonymous_37)","line":315,"loc":{"start":{"line":315,"column":8},"end":{"line":315,"column":24}}},"38":{"name":"(anonymous_38)","line":334,"loc":{"start":{"line":334,"column":26},"end":{"line":334,"column":48}}},"39":{"name":"(anonymous_39)","line":340,"loc":{"start":{"line":340,"column":16},"end":{"line":340,"column":32}}},"40":{"name":"(anonymous_40)","line":348,"loc":{"start":{"line":348,"column":33},"end":{"line":348,"column":49}}},"41":{"name":"(anonymous_41)","line":351,"loc":{"start":{"line":351,"column":56},"end":{"line":351,"column":68}}},"42":{"name":"(anonymous_42)","line":368,"loc":{"start":{"line":368,"column":15},"end":{"line":368,"column":31}}},"43":{"name":"(anonymous_43)","line":377,"loc":{"start":{"line":377,"column":24},"end":{"line":377,"column":40}}},"44":{"name":"(anonymous_44)","line":380,"loc":{"start":{"line":380,"column":58},"end":{"line":380,"column":70}}},"45":{"name":"(anonymous_45)","line":392,"loc":{"start":{"line":392,"column":15},"end":{"line":392,"column":26}}},"46":{"name":"insertSorted","line":400,"loc":{"start":{"line":400,"column":1},"end":{"line":400,"column":46}}},"47":{"name":"(anonymous_47)","line":403,"loc":{"start":{"line":403,"column":16},"end":{"line":403,"column":31}}},"48":{"name":"Activation","line":425,"loc":{"start":{"line":425,"column":1},"end":{"line":425,"column":57}}},"49":{"name":"(anonymous_49)","line":434,"loc":{"start":{"line":434,"column":41},"end":{"line":434,"column":55}}},"50":{"name":"(anonymous_50)","line":445,"loc":{"start":{"line":445,"column":31},"end":{"line":445,"column":42}}},"51":{"name":"(anonymous_51)","line":448,"loc":{"start":{"line":448,"column":32},"end":{"line":448,"column":48}}},"52":{"name":"(anonymous_52)","line":452,"loc":{"start":{"line":452,"column":114},"end":{"line":452,"column":134}}},"53":{"name":"(anonymous_53)","line":458,"loc":{"start":{"line":458,"column":31},"end":{"line":458,"column":67}}},"54":{"name":"Rule","line":489,"loc":{"start":{"line":489,"column":1},"end":{"line":489,"column":68}}},"55":{"name":"(anonymous_55)","line":522,"loc":{"start":{"line":522,"column":23},"end":{"line":522,"column":47}}},"56":{"name":"(anonymous_56)","line":524,"loc":{"start":{"line":524,"column":16},"end":{"line":524,"column":35}}},"57":{"name":"(anonymous_57)","line":536,"loc":{"start":{"line":536,"column":32},"end":{"line":536,"column":47}}},"58":{"name":"(anonymous_58)","line":538,"loc":{"start":{"line":538,"column":20},"end":{"line":538,"column":39}}},"59":{"name":"(anonymous_59)","line":539,"loc":{"start":{"line":539,"column":41},"end":{"line":539,"column":60}}},"60":{"name":"(anonymous_60)","line":544,"loc":{"start":{"line":544,"column":25},"end":{"line":544,"column":36}}},"61":{"name":"(anonymous_61)","line":546,"loc":{"start":{"line":546,"column":20},"end":{"line":546,"column":39}}},"62":{"name":"(anonymous_62)","line":551,"loc":{"start":{"line":551,"column":23},"end":{"line":551,"column":39}}},"63":{"name":"(anonymous_63)","line":560,"loc":{"start":{"line":560,"column":23},"end":{"line":560,"column":46}}},"64":{"name":"(anonymous_64)","line":562,"loc":{"start":{"line":562,"column":22},"end":{"line":562,"column":41}}},"65":{"name":"(anonymous_65)","line":577,"loc":{"start":{"line":577,"column":13},"end":{"line":577,"column":32}}},"66":{"name":"(anonymous_66)","line":578,"loc":{"start":{"line":578,"column":34},"end":{"line":578,"column":54}}},"67":{"name":"(anonymous_67)","line":596,"loc":{"start":{"line":596,"column":22},"end":{"line":596,"column":43}}},"68":{"name":"(anonymous_68)","line":601,"loc":{"start":{"line":601,"column":13},"end":{"line":601,"column":32}}},"69":{"name":"(anonymous_69)","line":602,"loc":{"start":{"line":602,"column":38},"end":{"line":602,"column":58}}},"70":{"name":"(anonymous_70)","line":618,"loc":{"start":{"line":618,"column":24},"end":{"line":618,"column":43}}},"71":{"name":"(anonymous_71)","line":623,"loc":{"start":{"line":623,"column":25},"end":{"line":623,"column":57}}},"72":{"name":"(anonymous_72)","line":625,"loc":{"start":{"line":625,"column":24},"end":{"line":625,"column":45}}},"73":{"name":"(anonymous_73)","line":636,"loc":{"start":{"line":636,"column":25},"end":{"line":636,"column":44}}},"74":{"name":"(anonymous_74)","line":638,"loc":{"start":{"line":638,"column":16},"end":{"line":638,"column":35}}},"75":{"name":"indexObject","line":655,"loc":{"start":{"line":655,"column":1},"end":{"line":655,"column":38}}},"76":{"name":"(anonymous_76)","line":663,"loc":{"start":{"line":663,"column":15},"end":{"line":663,"column":29}}},"77":{"name":"updateIndex","line":684,"loc":{"start":{"line":684,"column":1},"end":{"line":684,"column":51}}},"78":{"name":"matchObject","line":723,"loc":{"start":{"line":723,"column":1},"end":{"line":723,"column":65}}},"79":{"name":"(anonymous_79)","line":734,"loc":{"start":{"line":734,"column":20},"end":{"line":734,"column":34}}},"80":{"name":"(anonymous_80)","line":742,"loc":{"start":{"line":742,"column":26},"end":{"line":742,"column":45}}},"81":{"name":"notMatchObject","line":770,"loc":{"start":{"line":770,"column":1},"end":{"line":770,"column":68}}},"82":{"name":"(anonymous_82)","line":778,"loc":{"start":{"line":778,"column":33},"end":{"line":778,"column":47}}},"83":{"name":"(anonymous_83)","line":788,"loc":{"start":{"line":788,"column":26},"end":{"line":788,"column":45}}},"84":{"name":"(anonymous_84)","line":802,"loc":{"start":{"line":802,"column":39},"end":{"line":802,"column":58}}},"85":{"name":"(anonymous_85)","line":806,"loc":{"start":{"line":806,"column":50},"end":{"line":806,"column":68}}},"86":{"name":"RuleReactor","line":814,"loc":{"start":{"line":814,"column":1},"end":{"line":814,"column":37}}},"87":{"name":"(anonymous_87)","line":825,"loc":{"start":{"line":825,"column":32},"end":{"line":825,"column":61}}},"88":{"name":"(anonymous_88)","line":830,"loc":{"start":{"line":830,"column":20},"end":{"line":830,"column":39}}},"89":{"name":"(anonymous_89)","line":856,"loc":{"start":{"line":856,"column":46},"end":{"line":856,"column":60}}},"90":{"name":"(anonymous_90)","line":862,"loc":{"start":{"line":862,"column":17},"end":{"line":862,"column":31}}},"91":{"name":"rrget","line":863,"loc":{"start":{"line":863,"column":5},"end":{"line":863,"column":22}}},"92":{"name":"rrset","line":866,"loc":{"start":{"line":866,"column":5},"end":{"line":866,"column":27}}},"93":{"name":"(anonymous_93)","line":883,"loc":{"start":{"line":883,"column":44},"end":{"line":883,"column":63}}},"94":{"name":"(anonymous_94)","line":885,"loc":{"start":{"line":885,"column":31},"end":{"line":885,"column":49}}},"95":{"name":"(anonymous_95)","line":886,"loc":{"start":{"line":886,"column":49},"end":{"line":886,"column":68}}},"96":{"name":"(anonymous_96)","line":891,"loc":{"start":{"line":891,"column":31},"end":{"line":891,"column":52}}},"97":{"name":"(anonymous_97)","line":906,"loc":{"start":{"line":906,"column":32},"end":{"line":906,"column":46}}},"98":{"name":"(anonymous_98)","line":921,"loc":{"start":{"line":921,"column":25},"end":{"line":921,"column":41}}},"99":{"name":"(anonymous_99)","line":924,"loc":{"start":{"line":924,"column":20},"end":{"line":924,"column":31}}},"100":{"name":"(anonymous_100)","line":928,"loc":{"start":{"line":928,"column":46},"end":{"line":928,"column":65}}},"101":{"name":"(anonymous_101)","line":930,"loc":{"start":{"line":930,"column":33},"end":{"line":930,"column":51}}},"102":{"name":"(anonymous_102)","line":931,"loc":{"start":{"line":931,"column":51},"end":{"line":931,"column":70}}},"103":{"name":"(anonymous_103)","line":936,"loc":{"start":{"line":936,"column":33},"end":{"line":936,"column":54}}},"104":{"name":"(anonymous_104)","line":947,"loc":{"start":{"line":947,"column":59},"end":{"line":947,"column":75}}},"105":{"name":"(anonymous_105)","line":950,"loc":{"start":{"line":950,"column":88},"end":{"line":950,"column":99}}},"106":{"name":"(anonymous_106)","line":967,"loc":{"start":{"line":967,"column":29},"end":{"line":967,"column":48}}},"107":{"name":"(anonymous_107)","line":969,"loc":{"start":{"line":969,"column":40},"end":{"line":969,"column":63}}},"108":{"name":"(anonymous_108)","line":975,"loc":{"start":{"line":975,"column":29},"end":{"line":975,"column":48}}},"109":{"name":"(anonymous_109)","line":977,"loc":{"start":{"line":977,"column":40},"end":{"line":977,"column":59}}},"110":{"name":"(anonymous_110)","line":987,"loc":{"start":{"line":987,"column":36},"end":{"line":987,"column":84}}},"111":{"name":"(anonymous_111)","line":995,"loc":{"start":{"line":995,"column":33},"end":{"line":995,"column":62}}},"112":{"name":"forAll","line":1000,"loc":{"start":{"line":1000,"column":22},"end":{"line":1000,"column":51}}},"113":{"name":"(anonymous_113)","line":1009,"loc":{"start":{"line":1009,"column":34},"end":{"line":1009,"column":53}}},"114":{"name":"(anonymous_114)","line":1022,"loc":{"start":{"line":1022,"column":21},"end":{"line":1022,"column":40}}},"115":{"name":"(anonymous_115)","line":1032,"loc":{"start":{"line":1032,"column":29},"end":{"line":1032,"column":48}}},"116":{"name":"(anonymous_116)","line":1041,"loc":{"start":{"line":1041,"column":30},"end":{"line":1041,"column":44}}},"117":{"name":"(anonymous_117)","line":1043,"loc":{"start":{"line":1043,"column":44},"end":{"line":1043,"column":60}}},"118":{"name":"exists","line":1049,"loc":{"start":{"line":1049,"column":22},"end":{"line":1049,"column":51}}},"119":{"name":"(anonymous_119)","line":1058,"loc":{"start":{"line":1058,"column":34},"end":{"line":1058,"column":53}}},"120":{"name":"(anonymous_120)","line":1071,"loc":{"start":{"line":1071,"column":21},"end":{"line":1071,"column":40}}},"121":{"name":"(anonymous_121)","line":1081,"loc":{"start":{"line":1081,"column":29},"end":{"line":1081,"column":48}}},"122":{"name":"(anonymous_122)","line":1090,"loc":{"start":{"line":1090,"column":29},"end":{"line":1090,"column":43}}},"123":{"name":"(anonymous_123)","line":1092,"loc":{"start":{"line":1092,"column":44},"end":{"line":1092,"column":60}}},"124":{"name":"not","line":1098,"loc":{"start":{"line":1098,"column":19},"end":{"line":1098,"column":39}}},"125":{"name":"(anonymous_125)","line":1102,"loc":{"start":{"line":1102,"column":33},"end":{"line":1102,"column":57}}},"126":{"name":"(anonymous_126)","line":1105,"loc":{"start":{"line":1105,"column":20},"end":{"line":1105,"column":39}}},"127":{"name":"(anonymous_127)","line":1114,"loc":{"start":{"line":1114,"column":34},"end":{"line":1114,"column":48}}},"128":{"name":"(anonymous_128)","line":1133,"loc":{"start":{"line":1133,"column":40},"end":{"line":1133,"column":59}}},"129":{"name":"(anonymous_129)","line":1140,"loc":{"start":{"line":1140,"column":14},"end":{"line":1140,"column":25}}},"130":{"name":"(anonymous_130)","line":1143,"loc":{"start":{"line":1143,"column":31},"end":{"line":1143,"column":47}}},"131":{"name":"(anonymous_131)","line":1145,"loc":{"start":{"line":1145,"column":32},"end":{"line":1145,"column":51}}},"132":{"name":"(anonymous_132)","line":1150,"loc":{"start":{"line":1150,"column":19},"end":{"line":1150,"column":38}}},"133":{"name":"(anonymous_133)","line":1157,"loc":{"start":{"line":1157,"column":29},"end":{"line":1157,"column":58}}},"134":{"name":"run","line":1159,"loc":{"start":{"line":1159,"column":2},"end":{"line":1159,"column":17}}},"135":{"name":"(anonymous_135)","line":1167,"loc":{"start":{"line":1167,"column":35},"end":{"line":1167,"column":54}}},"136":{"name":"(anonymous_136)","line":1178,"loc":{"start":{"line":1178,"column":45},"end":{"line":1178,"column":64}}},"137":{"name":"(anonymous_137)","line":1207,"loc":{"start":{"line":1207,"column":30},"end":{"line":1207,"column":41}}},"138":{"name":"(anonymous_138)","line":1212,"loc":{"start":{"line":1212,"column":31},"end":{"line":1212,"column":47}}},"139":{"name":"(anonymous_139)","line":1227,"loc":{"start":{"line":1227,"column":9},"end":{"line":1227,"column":20}}}},"statementMap":{"1":{"start":{"line":9,"column":0},"end":{"line":9,"column":27}},"2":{"start":{"line":13,"column":0},"end":{"line":1231,"column":98}},"3":{"start":{"line":16,"column":1},"end":{"line":16,"column":22}},"4":{"start":{"line":18,"column":1},"end":{"line":51,"column":2}},"5":{"start":{"line":19,"column":2},"end":{"line":50,"column":4}},"6":{"start":{"line":20,"column":3},"end":{"line":24,"column":29}},"7":{"start":{"line":25,"column":3},"end":{"line":31,"column":4}},"8":{"start":{"line":26,"column":4},"end":{"line":26,"column":32}},"9":{"start":{"line":27,"column":4},"end":{"line":30,"column":5}},"10":{"start":{"line":28,"column":5},"end":{"line":28,"column":16}},"11":{"start":{"line":29,"column":5},"end":{"line":29,"column":13}},"12":{"start":{"line":32,"column":3},"end":{"line":33,"column":22}},"13":{"start":{"line":34,"column":3},"end":{"line":36,"column":4}},"14":{"start":{"line":35,"column":4},"end":{"line":35,"column":62}},"15":{"start":{"line":35,"column":18},"end":{"line":35,"column":35}},"16":{"start":{"line":35,"column":45},"end":{"line":35,"column":60}},"17":{"start":{"line":37,"column":3},"end":{"line":48,"column":4}},"18":{"start":{"line":38,"column":4},"end":{"line":39,"column":24}},"19":{"start":{"line":40,"column":4},"end":{"line":47,"column":5}},"20":{"start":{"line":41,"column":5},"end":{"line":41,"column":25}},"21":{"start":{"line":42,"column":5},"end":{"line":46,"column":6}},"22":{"start":{"line":43,"column":6},"end":{"line":45,"column":7}},"23":{"start":{"line":44,"column":7},"end":{"line":44,"column":23}},"24":{"start":{"line":49,"column":3},"end":{"line":49,"column":15}},"25":{"start":{"line":52,"column":1},"end":{"line":52,"column":39}},"26":{"start":{"line":55,"column":1},"end":{"line":58,"column":2}},"27":{"start":{"line":56,"column":2},"end":{"line":56,"column":16}},"28":{"start":{"line":57,"column":2},"end":{"line":57,"column":52}},"29":{"start":{"line":59,"column":1},"end":{"line":73,"column":3}},"30":{"start":{"line":60,"column":2},"end":{"line":60,"column":16}},"31":{"start":{"line":61,"column":2},"end":{"line":63,"column":3}},"32":{"start":{"line":62,"column":3},"end":{"line":62,"column":12}},"33":{"start":{"line":64,"column":2},"end":{"line":64,"column":15}},"34":{"start":{"line":65,"column":2},"end":{"line":65,"column":80}},"35":{"start":{"line":65,"column":50},"end":{"line":65,"column":76}},"36":{"start":{"line":66,"column":2},"end":{"line":71,"column":3}},"37":{"start":{"line":67,"column":3},"end":{"line":69,"column":4}},"38":{"start":{"line":68,"column":4},"end":{"line":68,"column":29}},"39":{"start":{"line":70,"column":3},"end":{"line":70,"column":26}},"40":{"start":{"line":72,"column":2},"end":{"line":72,"column":14}},"41":{"start":{"line":74,"column":1},"end":{"line":74,"column":62}},"42":{"start":{"line":75,"column":1},"end":{"line":102,"column":3}},"43":{"start":{"line":76,"column":2},"end":{"line":93,"column":3}},"44":{"start":{"line":77,"column":3},"end":{"line":77,"colum
[...]
main[variable].instances ? domain[variable].instances: []);","\t\t\t\tcollections.push(domain[variable].instances);","\t\t\t});","\t\t\ttest.cxproduct = new CXProduct(collections);","\t\t\targs = getFunctionArgs(test);","\t\t\tif(args.length>0) {","\t\t\t\ttest.required = args.map(function(variable) { ","\t\t\t\t\tvar i = variables.indexOf(variable);","\t\t\t\t\tif(i===-1) {","\t\t\t\t\t\tthrow new ReferenceError(\"Undeclared domain variable '\" + variable + \"' in existential quantification condition function\");","\t\t\t\t\t}","\t\t\t\t\treturn i; ","\t\t\t\t});","\t\t\t}","\t\t}","\t\treturn test.cxproduct.some(function(row) {","\t\t\tvar args = [];","\t\t\tif(!test.required || test.required.every(function(index) { args.push(row[index]); return typeof(row[index])!==\"undefined\"; })) {","\t\t\t\treturn test.apply(null,args);","\t\t\t}","\t\t});","\t}","\tRuleReactor.prototype.exists = RuleReactor.exists;","\tRuleReactor.not = function not(value) {","\t\treturn !value;","\t}","\tRuleReactor.prototype.not = RuleReactor.not;","\tRuleReactor.prototype.retract = function(instances,run) {","\t\tvar me = this;","\t\tinstances = (Array.isArray(instances) || instances instanceof Array ? instances : [instances]);","\t\tinstances.forEach(function(instance) {","\t\t\tif(instance && typeof(instance)===\"object\") {","\t\t\t\tif(me.tracelevel>2) {","\t\t\t\t\tConsole.log(\"Retract: \",instance);","\t\t\t\t}","\t\t\t\t// retract from data","\t\t\t\tme.data.delete(instance.__rrid__);","\t\t\t\tme.dataModified = true;","\t\t\t\t// restore instance properties","\t\t\t\tObject.keys(instance).forEach(function(key) {","\t\t\t\t\tvar desc = Object.getOwnPropertyDescriptor(instance,key);","\t\t\t\t\tif(desc.get && desc.get.name===\"rrget\") {","\t\t\t\t\t\tif(typeof(desc.get.originalDescriptor)===\"undefined\") {","\t\t\t\t\t\t\tdelete instance[key];","\t\t\t\t\t\t} else {","\t\t\t\t\t\t\tif(desc.get.originalDescriptor.value instanceof Array || Array.isArray(desc.get.originalDescriptor.value)) {","\t\t\t\t\t\t\t\tif(instance[key] instanceof Array || Array.isArray(instance[key])) {","\t\t\t\t\t\t\t\t\tvar args = [0,instance[key]].concat(desc.get.originalDescriptor.value);","\t\t\t\t\t\t\t\t\tinstance[key].splice.apply(instance[key],args);","\t\t\t\t\t\t\t\t} else {","\t\t\t\t\t\t\t\t\tinstance[key] = desc.get.originalDescriptor.value;","\t\t\t\t\t\t\t\t}","\t\t\t\t\t\t\t}","\t\t\t\t\t\t\tObject.defineProperty(instance,key,desc.get.originalDescriptor);","\t\t\t\t\t\t}","\t\t\t\t\t}","\t\t\t\t});","\t\t\t\t// unbind from all associated rules","\t\t\t\tObject.keys(instance.rules).forEach(function(rulename) {","\t\t\t\t\tinstance.rules[rulename].unbind(instance);","\t\t\t\t});","","\t\t\t}","\t\t});","\t\tif(run) {","\t\t\tsetTimeout(function() { me.run(); });","\t\t}","\t}","\tRuleReactor.prototype.reset = function(facts) {","\t\tvar me = this;","\t\tObject.keys(me.rules).forEach(function(rulename) {","\t\t\tme.rules[rulename].reset();","\t\t});","\t\tif(facts) {","\t\t\tvar data = [];","\t\t\tme.data.forEach(function(instance) {","\t\t\t\tdata.push(instance);","\t\t\t});","\t\t\tme.retract(data,false);","\t\t}","\t\tme.run.running = false;","\t}","\tRuleReactor.prototype.run = function(max,loose,callback) {","\t\tvar me = this;","\t\tfunction run() {","\t\t\tif(me.run.stop) {","\t\t\t\tif(me.tracelevel>0) {","\t\t\t\t\tConsole.log(\"Data Count: \",me.data.size);","\t\t\t\t\tConsole.log(\"Executions: \",me.run.executions);","\t\t\t\t\tConsole.log(\"RPS: \",me.run.rps);","\t\t\t\t}","\t\t\t\tif(me.tracelevel>1) {","\t\t\t\t\tObject.keys(me.rules).forEach(function(rulename) {","\t\t\t\t\t\tvar rule = me.rules[rulename];","\t\t\t\t\t\tConsole.log(rule.name,rule.potentialMatches,rule.tested,rule.activated,rule.fired);","\t\t\t\t\t});","\t\t\t\t}","\t\t\t\tif(typeof(callback)===\"function\") {","\t\t\t\t\tcallback();","\t\t\t\t}","\t\t\t\treturn;","\t\t\t}","\t\t\tif(me.run.executions<me.run.max) {","\t\t\t\tObject.keys(me.triggerlessRules).forEach(function(rulename) {","\t\t\t\t\tvar rule = me.triggerlessRules[rulename], activations = rule.activations.get(); // get's activations associated with undefined domains","\t\t\t\t\tif(!activations || activations.length===0) {","\t\t\t\t\t\trule.test();","\t\t\t\t\t}","\t\t\t\t});","\t\t\t\twhile (me.agenda.length>0) {","\t\t\t\t\tme.dataModified = false;","\t\t\t\t\tme.agenda[me.agenda.length-1].execute(me.agenda.length-1);","\t\t\t\t\tif(me.dataModified) {","\t\t\t\t\t\tbreak;","\t\t\t\t\t}","\t\t\t\t}","\t\t\t}","\t\t\tsetTimeout(run,0);","\t\t}","\t\tif(me.run.running) { return true; }","\t\tme.run.max = (max ? max : Infinity);","\t\tme.run.running = true;","\t\tme.run.executions = 0;","\t\tme.run.assertions = 0;","\t\tme.run.modifications = 0;","\t\tme.run.start = new Date();","\t\tme.run.stop = null;","\t\tif(me.tracelevel>0) {","\t\t\tConsole.log(\"Run: \",max);","\t\t}","\t\tsetTimeout(run,0);","\t}","\tRuleReactor.prototype.stop = function() {","\t\tthis.run.stop = new Date();","\t\tthis.run.rps = (this.run.executions / (this.run.stop.getTime() - this.run.start.getTime())) * 1000;","\t\tthis.run.running = false;","\t}","\tRuleReactor.prototype.trace = function(level) {","\t\tthis.tracelevel = level;","\t\tif(this.processor) {","\t\t\tif(level>3) {","\t\t\t\tthis.processor.trace(1);","\t\t\t} else {","\t\t\t\tthis.processor.trace(0);","\t\t\t}","\t\t}\t","\t}","","\tif (this.exports) {","\t\tthis.exports  = RuleReactor;","\t} else if (typeof define === \"function\" && define.amd) {","\t\t// Publish as AMD module","\t\tdefine(function() {return RuleReactor;});","\t} else {","\t\tthis.RuleReactor = RuleReactor;","\t}","}).call((typeof(window)!==\"undefined\" ? window : (typeof(module)!==\"undefined\" ? module : null)));","","","}).call(this,typeof global !== \"undefined\" ? global : typeof self !== \"undefined\" ? self : typeof window !== \"undefined\" ? window : {})","},{\"uuid\":3}],2:[function(require,module,exports){","(function (global){","","var rng;","","if (global.crypto && crypto.getRandomValues) {","  // WHATWG crypto-based RNG - http://wiki.whatwg.org/wiki/Crypto","  // Moderately fast, high quality","  var _rnds8 = new Uint8Array(16);","  rng = function whatwgRNG() {","    crypto.getRandomValues(_rnds8);","    return _rnds8;","  };","}","","if (!rng) {","  // Math.random()-based (RNG)","  //","  // If all else fails, use Math.random().  It's fast, but is of unspecified","  // quality.","  var  _rnds = new Array(16);","  rng = function() {","    for (var i = 0, r; i < 16; i++) {","      if ((i & 0x03) === 0) r = Math.random() * 0x100000000;","      _rnds[i] = r >>> ((i & 0x03) << 3) & 0xff;","    }","","    return _rnds;","  };","}","","module.exports = rng;","","","}).call(this,typeof global !== \"undefined\" ? global : typeof self !== \"undefined\" ? self : typeof window !== \"undefined\" ? window : {})","},{}],3:[function(require,module,exports){","//     uuid.js","//","//     Copyright (c) 2010-2012 Robert Kieffer","//     MIT License - http://opensource.org/licenses/mit-license.php","","// Unique ID creation requires a high quality random # generator.  We feature","// detect to determine the best RNG source, normalizing to a function that","// returns 128-bits of randomness, since that's what's usually required","var _rng = require('./rng');","","// Maps for number <-> hex string conversion","var _byteToHex = [];","var _hexToByte = {};","for (var i = 0; i < 256; i++) {","  _byteToHex[i] = (i + 0x100).toString(16).substr(1);","  _hexToByte[_byteToHex[i]] = i;","}","","// **`parse()` - Parse a UUID into it's component bytes**","function parse(s, buf, offset) {","  var i = (buf && offset) || 0, ii = 0;","","  buf = buf || [];","  s.toLowerCase().replace(/[0-9a-f]{2}/g, function(oct) {","    if (ii < 16) { // Don't overflow!","      buf[i + ii++] = _hexToByte[oct];","    }","  });","","  // Zero out remaining bytes if string was short","  while (ii < 16) {","    buf[i + ii++] = 0;","  }","","  return buf;","}","","// **`unparse()` - Convert UUID byte array (ala parse()) into a string**","function unparse(buf, offset) {","  var i = offset || 0, bth = _byteToHex;","  return  bth[buf[i++]] + bth[buf[i++]] +","          bth[buf[i++]] + bth[buf[i++]] + '-' +","          bth[buf[i++]] + bth[buf[i++]] + '-' +","          bth[buf[i++]] + bth[buf[i++]] + '-' +","          bth[buf[i++]] + bth[buf[i++]] + '-' +","          bth[buf[i++]] + bth[buf[i++]] +","          bth[buf[i++]] + bth[buf[i++]] +","          bth[buf[i++]] + bth[buf[i++]];","}","","// **`v1()` - Generate time-based UUID**","//","// Inspired by https://github.com/LiosK/UUID.js","// and http://docs.python.org/library/uuid.html","","// random #'s we need to init node and clockseq","var _seedBytes = _rng();","","// Per 4.5, create and 48-bit node id, (47 random bits + multicast bit = 1)","var _nodeId = [","  _seedBytes[0] | 0x01,","  _seedBytes[1], _seedBytes[2], _seedBytes[3], _seedBytes[4], _seedBytes[5]","];","","// Per 4.2.2, randomize (14 bit) clockseq","var _clockseq = (_seedBytes[6] << 8 | _seedBytes[7]) & 0x3fff;","","// Previous uuid creation time","var _lastMSecs = 0, _lastNSecs = 0;","","// See https://github.com/broofa/node-uuid for API details","function v1(options, buf, offset) {","  var i = buf && offset || 0;","  var b = buf || [];","","  options = options || {};","","  var clockseq = options.clockseq !== undefined ? options.clockseq : _clockseq;","","  // UUID timestamps are 100 nano-second units since the Gregorian epoch,","  // (1582-10-15 00:00).  JSNumbers aren't precise enough for this, so","  // time is handled internally as 'msecs' (integer milliseconds) and 'nsecs'","  // (100-nanoseconds offset from msecs) since unix epoch, 1970-01-01 00:00.","  var msecs = options.msecs !== undefined ? options.msecs : new Date().getTime();","","  // Per 4.2.1.2, use count of uuid's generated during the current clock","  // cycle to simulate higher resolution clock","  var nsecs = options.nsecs !== undefined ? options.nsecs : _lastNSecs + 1;","","  // Time since last uuid creation (in msecs)","  var dt = (msecs - _lastMSecs) + (nsecs - _lastNSecs)/10000;","","  // Per 4.2.1.2, Bump clockseq on clock regression","  if (dt < 0 && options.clockseq === undefined) {","    clockseq = clockseq + 1 & 0x3fff;","  }","","  // Reset nsecs if clock regresses (new clockseq) or we've moved onto a new","  // time interval","  if ((dt < 0 || msecs > _lastMSecs) && options.nsecs === undefined) {","    nsecs = 0;","  }","","  // Per 4.2.1.2 Throw error if too many uuids are requested","  if (nsecs >= 10000) {","    throw new Error('uuid.v1(): Can\\'t create more than 10M uuids/sec');","  }","","  _lastMSecs = msecs;","  _lastNSecs = nsecs;","  _clockseq = clockseq;","","  // Per 4.1.4 - Convert from unix epoch to Gregorian epoch","  msecs += 12219292800000;","","  // `time_low`","  var tl = ((msecs & 0xfffffff) * 10000 + nsecs) % 0x100000000;","  b[i++] = tl >>> 24 & 0xff;","  b[i++] = tl >>> 16 & 0xff;","  b[i++] = tl >>> 8 & 0xff;","  b[i++] = tl & 0xff;","","  // `time_mid`","  var tmh = (msecs / 0x100000000 * 10000) & 0xfffffff;","  b[i++] = tmh >>> 8 & 0xff;","  b[i++] = tmh & 0xff;","","  // `time_high_and_version`","  b[i++] = tmh >>> 24 & 0xf | 0x10; // include version","  b[i++] = tmh >>> 16 & 0xff;","","  // `clock_seq_hi_and_reserved` (Per 4.2.2 - include variant)","  b[i++] = clockseq >>> 8 | 0x80;","","  // `clock_seq_low`","  b[i++] = clockseq & 0xff;","","  // `node`","  var node = options.node || _nodeId;","  for (var n = 0; n < 6; n++) {","    b[i + n] = node[n];","  }","","  return buf ? buf : unparse(b);","}","","// **`v4()` - Generate random UUID**","","// See https://github.com/broofa/node-uuid for API details","function v4(options, buf, offset) {","  // Deprecated - 'format' argument, as supported in v1.2","  var i = buf && offset || 0;","","  if (typeof(options) == 'string') {","    buf = options == 'binary' ? new Array(16) : null;","    options = null;","  }","  options = options || {};","","  var rnds = options.random || (options.rng || _rng)();","","  // Per 4.4, set bits for version and `clock_seq_hi_and_reserved`","  rnds[6] = (rnds[6] & 0x0f) | 0x40;","  rnds[8] = (rnds[8] & 0x3f) | 0x80;","","  // Copy bytes to buffer, if provided","  if (buf) {","    for (var ii = 0; ii < 16; ii++) {","      buf[i + ii] = rnds[ii];","    }","  }","","  return buf || unparse(rnds);","}","","// Export public API","var uuid = v4;","uuid.v1 = v1;","uuid.v4 = v4;","uuid.parse = parse;","uuid.unparse = unparse;","","module.exports = uuid;","","},{\"./rng\":2}]},{},[1]);",""],"l":{"1":3,"2":1,"11":1,"15":1,"18":1,"20":1,"21":1,"22":0,"27":0,"28":0,"29":0,"30":0,"31":0,"34":0,"36":0,"37":0,"39":0,"40":0,"42":0,"43":0,"44":0,"45":0,"46":0,"51":0,"54":1,"57":1,"58":0,"59":0,"61":1,"62":0,"63":0,"64":0,"66":0,"67":0,"68":0,"69":0,"70":0,"72":0,"74":0,"76":1,"77":1,"78":1,"79":0,"80":0,"81":0,"82":0,"83":0,"84":0,"86":0,"89":0,"90":0,"91":0,"94":0,"96":0,"97":0,"99":0,"100":0,"101":0,"102":0,"105":1,"106":1,"107":0,"109":0,"110":0,"111":0,"112":0,"114":0,"115":0,"116":0,"118":0,"121":1,"122":1,"123":0,"124":0,"125":0,"126":0,"127":0,"128":0,"130":0,"133":0,"134":0,"135":0,"138":0,"140":0,"141":0,"143":0,"144":0,"145":0,"147":1,"148":0,"149":0,"150":0,"151":0,"152":0,"154":0,"156":0,"158":1,"159":0,"160":0,"161":0,"163":1,"164":1,"165":0,"166":0,"167":0,"168":0,"169":0,"170":0,"173":0,"174":0,"175":0,"178":0,"180":0,"181":0,"182":0,"184":0,"185":0,"186":0,"188":1,"189":0,"190":0,"191":0,"192":0,"193":0,"195":0,"198":1,"201":1,"202":0,"203":0,"204":0,"205":0,"206":0,"207":0,"209":0,"210":0,"212":0,"214":1,"215":0,"216":0,"217":0,"218":0,"219":0,"221":0,"222":0,"224":0,"225":0,"230":0,"231":0,"232":0,"233":0,"234":0,"235":0,"236":0,"237":0,"238":0,"241":0,"242":0,"243":0,"246":0,"247":0,"249":0,"250":0,"252":0,"254":0,"255":0,"257":0,"260":0,"265":0,"266":0,"268":0,"269":0,"271":0,"274":0,"275":0,"276":0,"277":0,"278":0,"280":0,"281":0,"282":0,"283":0,"284":0,"286":0,"288":0,"289":0,"291":0,"294":0,"299":0,"302":0,"304":0,"305":0,"306":0,"307":0,"308":0,"309":0,"310":0,"312":0,"313":0,"314":0,"315":0,"316":0,"318":0,"320":0,"321":0,"323":0,"326":0,"331":0,"335":0,"336":0,"337":0,"338":0,"340":0,"341":0,"342":0,"343":0,"344":0,"345":0,"347":0,"349":0,"350":0,"351":0,"353":0,"354":0,"355":0,"358":0,"360":0,"363":0,"364":0,"365":0,"368":0,"369":0,"370":0,"371":0,"372":0,"373":0,"375":0,"379":0,"380":0,"382":0,"383":0,"384":0,"387":0,"393":1,"394":1,"395":0,"396":0,"402":1,"403":0,"405":0,"406":0,"407":0,"408":0,"412":0,"413":0,"414":0,"415":0,"416":0,"417":0,"419":0,"421":0,"424":0,"427":1,"428":0,"429":0,"430":0,"431":0,"432":0,"433":0,"434":0,"435":0,"436":0,"437":0,"438":0,"439":0,"441":0,"442":0,"443":0,"444":0,"447":1,"448":0,"450":1,"451":0,"453":0,"454":0,"455":0,"457":0,"460":1,"461":0,"462":0,"463":0,"464":0,"466":0,"467":0,"468":0,"469":0,"470":0,"471":0,"472":0,"476":0,"477":0,"478":0,"479":0,"481":0,"482":0,"484":0,"485":0,"486":0,"491":1,"492":0,"493":0,"494":0,"495":0,"496":0,"497":0,"499":0,"500":0,"501":0,"502":0,"504":0,"505":0,"506":0,"507":0,"508":0,"509":0,"511":0,"512":0,"513":0,"514":0,"515":0,"516":0,"517":0,"518":0,"519":0,"520":0,"522":0,"524":1,"525":0,"526":0,"527":0,"528":0,"529":0,"531":0,"534":0,"535":0,"538":1,"539":0,"540":0,"541":0,"542":0,"546":1,"547":0,"548":0,"549":0,"550":0,"553":1,"554":0,"555":0,"556":0,"558":0,"559":0,"560":0,"562":1,"563":0,"564":0,"565":0,"566":0,"568":0,"569":0,"572":0,"573":0,"575":0,"576":0,"578":0,"579":0,"580":0,"581":0,"583":0,"584":0,"585":0,"588":0,"589":0,"590":0,"592":0,"593":0,"596":0,"597":0,"598":0,"599":0,"600":0,"601":0,"602":0,"603":0,"604":0,"605":0,"607":0,"608":0,"611":0,"615":0,"618":0,"620":1,"621":0,"622":0,"623":0,"625":0,"626":0,"627":0,"628":0,"629":0,"630":0,"638":1,"639":0,"640":0,"641":0,"642":0,"643":0,"644":0,"645":0,"647":0,"648":0,"649":0,"651":0,"657":1,"658":0,"659":0,"660":0,"661":0,"663":0,"665":0,"666":0,"667":0,"668":0,"669":0,"670":0,"672":0,"674":0,"676":0,"677":0,"679":0,"681":0,"682":0,"683":0,"686":1,"687":0,"688":0,"689":0,"690":0,"691":0,"692":0,"694":0,"696":0,"698":0,"699":0,"701":0,"703":0,"704":0,"706":0,"708":0,"709":0,"711":0,"713":0,"714":0,"716":0,"718":0,"719":0,"720":0,"721":0,"722":0,"725":1,"726":0,"727":0,"728":0,"729":0,"730":0,"732":0,"734":0,"735":0,"736":0,"737":0,"738":0,"739":0,"740":0,"741":0,"743":0,"744":0,"745":0,"746":0,"747":0,"749":0,"750":0,"751":0,"753":0,"754":0,"755":0,"758":0,"760":0,"761":0,"763":0,"765":0,"766":0,"767":0,"768":0,"769":0,"772":1,"773":0,"774":0,"775":0,"776":0,"778":0,"779":0,"780":0,"781":0,"782":0,"783":0,"785":0,"786":0,"787":0,"789":0,"790":0,"791":0,"792":0,"793":0,"795":0,"796":0,"797":0,"799":0,"800":0,"801":0,"804":0,"805":0,"806":0,"808":0,"809":0,"810":0,"816":1,"817":0,"818":0,"819":0,"820":0,"821":0,"822":0,"823":0,"824":0,"825":0,"827":1,"828":0,"830":0,"831":0,"832":0,"834":0,"835":0,"836":0,"838":0,"839":0,"841":0,"842":0,"844":0,"845":0,"846":0,"847":0,"849":0,"850":0,"852":0,"854":0,"856":0,"857":0,"858":0,"859":0,"860":0,"864":0,"865":1,"866":0,"868":1,"869":0,"870":0,"871":0,"873":0,"875":0,"876":0,"877":0,"878":0,"880":0,"881":0,"884":0,"885":0,"886":0,"887":0,"888":0,"889":0,"891":0,"892":0,"893":0,"894":0,"897":0,"901":0,"904":0,"905":0,"906":0,"907":0,"908":0,"909":0,"913":0,"914":0,"916":0,"917":0,"919":0,"920":0,"921":0,"922":0,"923":0,"924":0,"925":0,"926":0,"927":0,"928":0,"930":0,"931":0,"932":0,"933":0,"934":0,"936":0,"937":0,"938":0,"939":0,"942":0,"946":0,"949":0,"950":0,"951":0,"952":0,"953":0,"959":0,"960":0,"961":0,"962":0,"963":0,"969":0,"970":0,"971":0,"972":0,"977":0,"978":0,"979":0,"980":0,"981":0,"985":0,"986":0,"989":1,"990":0,"991":0,"992":0,"993":0,"995":0,"997":1,"998":0,"999":0,"1002":1,"1003":0,"1004":0,"1006":0,"1007":0,"1008":0,"1009":0,"1011":0,"1012":0,"1013":0,"1014":0,"1016":0,"1019":0,"1020":0,"1022":0,"1023":0,"1024":0,"1026":0,"1027":0,"1029":0,"1031":0,"1032":0,"1033":0,"1034":0,"1035":0,"1036":0,"1037":0,"1039":0,"1043":0,"1044":0,"1045":0,"1046":0,"1050":1,"1051":1,"1052":0,"1053":0,"1055":0,"1056":0,"1057":0,"1058":0,"1060":0,"1061":0,"1062":0,"1063":0,"1065":0,"1068":0,"1069":0,"1071":0,"1072":0,"1073":0,"1075":0,"1076":0,"1078":0,"1080":0,"1081":0,"1082":0,"1083":0,"1084":0,"1085":0,"1086":0,"1088":0,"1092":0,"1093":0,"1094":0,"1095":0,"1099":1,"1100":1,"1101":0,"1103":1,"1104":1,"1105":0,"1106":0,"1107":0,"1108":0,"1109":0,"1110":0,"1113":0,"1114":0,"1116":0,"1117":0,"1118":0,"1119":0,"1120":0,"1122":0,"1123":0,"1124":0,"1125":0,"1127":0,"1130":0,"1135":0,"1136":0,"1141":0,"1142":0,"1145":1,"1146":0,"1147":0,"1148":0,"1150":0,"1151":0,"1152":0,"1153":0,"1155":0,"1157":0,"1159":1,"1160":0,"1161":1,"1162":0,"1163":0,"1164":0,"1165":0,"1166":0,"1168":0,"1169":0,"1170":0,"1171":0,"1174":0,"1175":0,"1177":0,"1179":0,"1180":0,"1181":0,"1182":0,"1183":0,"1186":0,"1187":0,"1188":0,"1189":0,"1190":0,"1194":0,"1196":0,"1197":0,"1198":0,"1199":0,"1200":0,"1201":0,"1202":0,"1203":0,"1204":0,"1205":0,"1207":0,"1209":1,"1210":0,"1211":0,"1212":0,"1214":1,"1215":0,"1216":0,"1217":0,"1218":0,"1220":0,"1225":1,"1226":1,"1227":0,"1229":0,"1231":0,"1238":1,"1240":1,"1242":1,"1245":0,"1246":0,"1247":0,"1248":0,"1252":1,"1257":1,"1258":1,"1259":1,"1260":16,"1261":16,"1264":1,"1268":1,"1281":1,"1284":1,"1285":1,"1286":1,"1287":256,"1288":256,"1292":1,"1293":0,"1295":0,"1296":0,"1297":0,"1298":0,"1303":0,"1304":0,"1307":0,"1311":1,"1312":0,"1313":0,"1329":1,"1332":1,"1338":1,"1341":1,"1344":1,"1345":0,"1346":0,"1348":0,"1350":0,"1356":0,"1360":0,"1363":0,"1366":0,"1367":0,"1372":0,"1373":0,"1377":0,"1378":0,"1381":0,"1382":0,"1383":0,"1386":0,"1389":0,"1390":0,"1391":0,"1392":0,"1393":0,"1396":0,"1397":0,"1398":0,"1401":0,"1402":0,"1405":0,"1408":0,"1411":0,"1412":0,"1413":0,"1416":0,"1422":1,"1424":0,"1426":0,"1427":0,"1428":0,"1430":0,"1432":0,"1435":0,"1436":0,"1439":0,"1440":0,"1441":0,"1445":0,"1449":1,"1450":1,"1451":1,"1452":1,"1453":1,"1455":1}}}